
chdir(/Users/MateoPanadero/.dotfiles/nvim)
chdir(/etc/xdg//nvim)
chdir(/Users/MateoPanadero/.dotfiles/nvim)
kan "/etc/xdg//nvim/sysinit.vim" niet laden
chdir(/Users/MateoPanadero/.dotfiles/nvim)
chdir(/usr/local/Cellar/neovim/HEAD-9fee5f1/share/nvim)
chdir(/Users/MateoPanadero/.dotfiles/nvim)
kan "$VIM/sysinit.vim" niet laden
chdir(/Users/MateoPanadero/.dotfiles/nvim)
chdir(/Users/MateoPanadero/.config/nvim)
chdir(/Users/MateoPanadero/.dotfiles/nvim)
"/Users/MateoPanadero/.config/nvim/init.vim" laden
chdir(/Users/MateoPanadero/.dotfiles/nvim)
chdir(/usr/local/Cellar/neovim/HEAD-9fee5f1/share/nvim/runtime)
chdir(/Users/MateoPanadero/.dotfiles/nvim)
regel 2: "/usr/local/Cellar/neovim/HEAD-9fee5f1/share/nvim/runtime/filetype.vim" laden
chdir(/Users/MateoPanadero/.dotfiles/nvim)
chdir(/Users/MateoPanadero/.config/nvim/ftdetect)
chdir(/Users/MateoPanadero/.dotfiles/nvim)
regel 2229: "/Users/MateoPanadero/.config/nvim/ftdetect/term.vim" laden
laden van /Users/MateoPanadero/.config/nvim/ftdetect/term.vim afgerond
voortzetten in /usr/local/Cellar/neovim/HEAD-9fee5f1/share/nvim/runtime/filetype.vim
laden van /usr/local/Cellar/neovim/HEAD-9fee5f1/share/nvim/runtime/filetype.vim afgerond
voortzetten in /Users/MateoPanadero/.dotfiles/nvim/init.vim
chdir(/Users/MateoPanadero/.dotfiles/nvim)
chdir(/usr/local/Cellar/neovim/HEAD-9fee5f1/share/nvim/runtime)
chdir(/Users/MateoPanadero/.dotfiles/nvim)
regel 2: "/usr/local/Cellar/neovim/HEAD-9fee5f1/share/nvim/runtime/ftplugin.vim" laden
laden van /usr/local/Cellar/neovim/HEAD-9fee5f1/share/nvim/runtime/ftplugin.vim afgerond
voortzetten in /Users/MateoPanadero/.dotfiles/nvim/init.vim
chdir(/Users/MateoPanadero/.dotfiles/nvim)
chdir(/usr/local/Cellar/neovim/HEAD-9fee5f1/share/nvim/runtime)
chdir(/Users/MateoPanadero/.dotfiles/nvim)
regel 2: "/usr/local/Cellar/neovim/HEAD-9fee5f1/share/nvim/runtime/indent.vim" laden
laden van /usr/local/Cellar/neovim/HEAD-9fee5f1/share/nvim/runtime/indent.vim afgerond
voortzetten in /Users/MateoPanadero/.dotfiles/nvim/init.vim
chdir(/Users/MateoPanadero/.dotfiles/nvim)
chdir(/Users/MateoPanadero/.dotfiles/nvim/rc)
chdir(/Users/MateoPanadero/.dotfiles/nvim)
regel 150: "/Users/MateoPanadero/.dotfiles/nvim/rc/plugins.vim" laden
chdir(/Users/MateoPanadero/.dotfiles/nvim)
chdir(/Users/MateoPanadero/.local/share/nvim/site/autoload)
chdir(/Users/MateoPanadero/.dotfiles/nvim)
regel 17: "/Users/MateoPanadero/.local/share/nvim/site/autoload/plug.vim" laden
laden van /Users/MateoPanadero/.local/share/nvim/site/autoload/plug.vim afgerond
voortzetten in /Users/MateoPanadero/.dotfiles/nvim/rc/plugins.vim
chdir(/Users/MateoPanadero/.dotfiles/nvim)
chdir(/usr/local/Cellar/neovim/HEAD-9fee5f1/share/nvim/runtime)
chdir(/Users/MateoPanadero/.dotfiles/nvim)
regel 14: "/usr/local/Cellar/neovim/HEAD-9fee5f1/share/nvim/runtime/ftoff.vim" laden
laden van /usr/local/Cellar/neovim/HEAD-9fee5f1/share/nvim/runtime/ftoff.vim afgerond
voortzetten in function plug#end
chdir(/Users/MateoPanadero/.dotfiles/nvim)
chdir(/usr/local/Cellar/neovim/HEAD-9fee5f1/share/nvim/runtime)
chdir(/Users/MateoPanadero/.dotfiles/nvim)
regel 83: "/usr/local/Cellar/neovim/HEAD-9fee5f1/share/nvim/runtime/filetype.vim" laden
chdir(/Users/MateoPanadero/.dotfiles/nvim)
chdir(/Users/MateoPanadero/.config/nvim/ftdetect)
chdir(/Users/MateoPanadero/.dotfiles/nvim)
regel 2229: "/Users/MateoPanadero/.config/nvim/ftdetect/term.vim" laden
laden van /Users/MateoPanadero/.config/nvim/ftdetect/term.vim afgerond
voortzetten in /usr/local/Cellar/neovim/HEAD-9fee5f1/share/nvim/runtime/filetype.vim
chdir(/Users/MateoPanadero/.dotfiles/nvim)
chdir(/Users/MateoPanadero/.dotfiles/nvim/plugged/vim-markdown/ftdetect)
chdir(/Users/MateoPanadero/.dotfiles/nvim)
regel 2229: "/Users/MateoPanadero/.dotfiles/nvim/plugged/vim-markdown/ftdetect/markdown.vim" laden
laden van /Users/MateoPanadero/.dotfiles/nvim/plugged/vim-markdown/ftdetect/markdown.vim afgerond
voortzetten in /usr/local/Cellar/neovim/HEAD-9fee5f1/share/nvim/runtime/filetype.vim
chdir(/Users/MateoPanadero/.dotfiles/nvim)
chdir(/Users/MateoPanadero/.dotfiles/nvim/plugged/vim-json/ftdetect)
chdir(/Users/MateoPanadero/.dotfiles/nvim)
regel 2229: "/Users/MateoPanadero/.dotfiles/nvim/plugged/vim-json/ftdetect/json.vim" laden
laden van /Users/MateoPanadero/.dotfiles/nvim/plugged/vim-json/ftdetect/json.vim afgerond
voortzetten in /usr/local/Cellar/neovim/HEAD-9fee5f1/share/nvim/runtime/filetype.vim
chdir(/Users/MateoPanadero/.dotfiles/nvim)
chdir(/Users/MateoPanadero/.dotfiles/nvim/plugged/ultisnips/ftdetect)
chdir(/Users/MateoPanadero/.dotfiles/nvim)
regel 2229: "/Users/MateoPanadero/.dotfiles/nvim/plugged/ultisnips/ftdetect/snippets.vim" laden
laden van /Users/MateoPanadero/.dotfiles/nvim/plugged/ultisnips/ftdetect/snippets.vim afgerond
voortzetten in /usr/local/Cellar/neovim/HEAD-9fee5f1/share/nvim/runtime/filetype.vim
chdir(/Users/MateoPanadero/.dotfiles/nvim)
chdir(/Users/MateoPanadero/.dotfiles/nvim/plugged/vim-fugitive/ftdetect)
chdir(/Users/MateoPanadero/.dotfiles/nvim)
regel 2229: "/Users/MateoPanadero/.dotfiles/nvim/plugged/vim-fugitive/ftdetect/fugitive.vim" laden
laden van /Users/MateoPanadero/.dotfiles/nvim/plugged/vim-fugitive/ftdetect/fugitive.vim afgerond
voortzetten in /usr/local/Cellar/neovim/HEAD-9fee5f1/share/nvim/runtime/filetype.vim
laden van /usr/local/Cellar/neovim/HEAD-9fee5f1/share/nvim/runtime/filetype.vim afgerond
voortzetten in function plug#end
chdir(/Users/MateoPanadero/.dotfiles/nvim)
chdir(/usr/local/Cellar/neovim/HEAD-9fee5f1/share/nvim/runtime)
chdir(/Users/MateoPanadero/.dotfiles/nvim)
regel 83: "/usr/local/Cellar/neovim/HEAD-9fee5f1/share/nvim/runtime/ftplugin.vim" laden
laden van /usr/local/Cellar/neovim/HEAD-9fee5f1/share/nvim/runtime/ftplugin.vim afgerond
voortzetten in function plug#end
chdir(/Users/MateoPanadero/.dotfiles/nvim)
chdir(/usr/local/Cellar/neovim/HEAD-9fee5f1/share/nvim/runtime)
chdir(/Users/MateoPanadero/.dotfiles/nvim)
regel 83: "/usr/local/Cellar/neovim/HEAD-9fee5f1/share/nvim/runtime/indent.vim" laden
laden van /usr/local/Cellar/neovim/HEAD-9fee5f1/share/nvim/runtime/indent.vim afgerond
voortzetten in function plug#end
chdir(/Users/MateoPanadero/.dotfiles/nvim)
chdir(/usr/local/Cellar/neovim/HEAD-9fee5f1/share/nvim/runtime/syntax)
chdir(/Users/MateoPanadero/.dotfiles/nvim)
regel 86: "/usr/local/Cellar/neovim/HEAD-9fee5f1/share/nvim/runtime/syntax/syntax.vim" laden
chdir(/Users/MateoPanadero/.dotfiles/nvim)
chdir(/usr/local/Cellar/neovim/HEAD-9fee5f1/share/nvim/runtime/syntax)
chdir(/Users/MateoPanadero/.dotfiles/nvim)
regel 19: "/usr/local/Cellar/neovim/HEAD-9fee5f1/share/nvim/runtime/syntax/synload.vim" laden
chdir(/Users/MateoPanadero/.dotfiles/nvim)
chdir(/usr/local/Cellar/neovim/HEAD-9fee5f1/share/nvim/runtime/syntax)
chdir(/Users/MateoPanadero/.dotfiles/nvim)
regel 21: "/usr/local/Cellar/neovim/HEAD-9fee5f1/share/nvim/runtime/syntax/syncolor.vim" laden
laden van /usr/local/Cellar/neovim/HEAD-9fee5f1/share/nvim/runtime/syntax/syncolor.vim afgerond
voortzetten in /usr/local/Cellar/neovim/HEAD-9fee5f1/share/nvim/runtime/syntax/synload.vim
laden van /usr/local/Cellar/neovim/HEAD-9fee5f1/share/nvim/runtime/syntax/synload.vim afgerond
voortzetten in /usr/local/Cellar/neovim/HEAD-9fee5f1/share/nvim/runtime/syntax/syntax.vim
laden van /usr/local/Cellar/neovim/HEAD-9fee5f1/share/nvim/runtime/syntax/syntax.vim afgerond
voortzetten in function plug#end
laden van /Users/MateoPanadero/.dotfiles/nvim/rc/plugins.vim afgerond
voortzetten in /Users/MateoPanadero/.dotfiles/nvim/init.vim
laden van /Users/MateoPanadero/.config/nvim/init.vim afgerond
not found in 'packpath': "pack/*/start/*"
chdir(/Users/MateoPanadero/.dotfiles/nvim)
chdir(/Users/MateoPanadero/.config/nvim/plugin)
chdir(/Users/MateoPanadero/.dotfiles/nvim)
"/Users/MateoPanadero/.config/nvim/plugin/base_keymaps.vim" laden
laden van /Users/MateoPanadero/.config/nvim/plugin/base_keymaps.vim afgerond
chdir(/Users/MateoPanadero/.dotfiles/nvim)
chdir(/Users/MateoPanadero/Repositories/test-explorer.nvim/plugin)
chdir(/Users/MateoPanadero/.dotfiles/nvim)
"/Users/MateoPanadero/Repositories/test-explorer.nvim/plugin/test-explorer.vim" laden
laden van /Users/MateoPanadero/Repositories/test-explorer.nvim/plugin/test-explorer.vim afgerond
chdir(/Users/MateoPanadero/.dotfiles/nvim)
chdir(/Users/MateoPanadero/.dotfiles/nvim/plugged/nlua.nvim/plugin)
chdir(/Users/MateoPanadero/.dotfiles/nvim)
"/Users/MateoPanadero/.dotfiles/nvim/plugged/nlua.nvim/plugin/nlua.vim" laden
laden van /Users/MateoPanadero/.dotfiles/nvim/plugged/nlua.nvim/plugin/nlua.vim afgerond
chdir(/Users/MateoPanadero/.dotfiles/nvim)
chdir(/Users/MateoPanadero/.dotfiles/nvim/plugged/plenary.nvim/plugin)
chdir(/Users/MateoPanadero/.dotfiles/nvim)
"/Users/MateoPanadero/.dotfiles/nvim/plugged/plenary.nvim/plugin/plenary.vim" laden
laden van /Users/MateoPanadero/.dotfiles/nvim/plugged/plenary.nvim/plugin/plenary.vim afgerond
chdir(/Users/MateoPanadero/.dotfiles/nvim)
chdir(/Users/MateoPanadero/.dotfiles/nvim/plugged/telescope.nvim/plugin)
chdir(/Users/MateoPanadero/.dotfiles/nvim)
"/Users/MateoPanadero/.dotfiles/nvim/plugged/telescope.nvim/plugin/telescope.vim" laden
laden van /Users/MateoPanadero/.dotfiles/nvim/plugged/telescope.nvim/plugin/telescope.vim afgerond
chdir(/Users/MateoPanadero/.dotfiles/nvim)
chdir(/Users/MateoPanadero/.dotfiles/nvim/plugged/lightline.vim/plugin)
chdir(/Users/MateoPanadero/.dotfiles/nvim)
"/Users/MateoPanadero/.dotfiles/nvim/plugged/lightline.vim/plugin/lightline.vim" laden
laden van /Users/MateoPanadero/.dotfiles/nvim/plugged/lightline.vim/plugin/lightline.vim afgerond
chdir(/Users/MateoPanadero/.dotfiles/nvim)
chdir(/Users/MateoPanadero/.dotfiles/nvim/plugged/nvim-lspconfig/plugin)
chdir(/Users/MateoPanadero/.dotfiles/nvim)
"/Users/MateoPanadero/.dotfiles/nvim/plugged/nvim-lspconfig/plugin/nvim_lsp.vim" laden
laden van /Users/MateoPanadero/.dotfiles/nvim/plugged/nvim-lspconfig/plugin/nvim_lsp.vim afgerond
chdir(/Users/MateoPanadero/.dotfiles/nvim)
chdir(/Users/MateoPanadero/.dotfiles/nvim/plugged/completion-nvim/plugin)
chdir(/Users/MateoPanadero/.dotfiles/nvim)
"/Users/MateoPanadero/.dotfiles/nvim/plugged/completion-nvim/plugin/completion.vim" laden
laden van /Users/MateoPanadero/.dotfiles/nvim/plugged/completion-nvim/plugin/completion.vim afgerond
chdir(/Users/MateoPanadero/.dotfiles/nvim)
chdir(/Users/MateoPanadero/.dotfiles/nvim/plugged/diagnostic-nvim/plugin)
chdir(/Users/MateoPanadero/.dotfiles/nvim)
"/Users/MateoPanadero/.dotfiles/nvim/plugged/diagnostic-nvim/plugin/diagnostic.vim" laden
laden van /Users/MateoPanadero/.dotfiles/nvim/plugged/diagnostic-nvim/plugin/diagnostic.vim afgerond
chdir(/Users/MateoPanadero/.dotfiles/nvim)
chdir(/Users/MateoPanadero/.dotfiles/nvim/plugged/BetterLua.vim/plugin)
chdir(/Users/MateoPanadero/.dotfiles/nvim)
"/Users/MateoPanadero/.dotfiles/nvim/plugged/BetterLua.vim/plugin/BetterLua.vim" laden
laden van /Users/MateoPanadero/.dotfiles/nvim/plugged/BetterLua.vim/plugin/BetterLua.vim afgerond
chdir(/Users/MateoPanadero/.dotfiles/nvim)
chdir(/Users/MateoPanadero/.dotfiles/nvim/plugged/vim-startify/plugin)
chdir(/Users/MateoPanadero/.dotfiles/nvim)
"/Users/MateoPanadero/.dotfiles/nvim/plugged/vim-startify/plugin/startify.vim" laden
laden van /Users/MateoPanadero/.dotfiles/nvim/plugged/vim-startify/plugin/startify.vim afgerond
chdir(/Users/MateoPanadero/.dotfiles/nvim)
chdir(/Users/MateoPanadero/.dotfiles/nvim/plugged/deoplete.nvim/plugin)
chdir(/Users/MateoPanadero/.dotfiles/nvim)
"/Users/MateoPanadero/.dotfiles/nvim/plugged/deoplete.nvim/plugin/deoplete.vim" laden
laden van /Users/MateoPanadero/.dotfiles/nvim/plugged/deoplete.nvim/plugin/deoplete.vim afgerond
chdir(/Users/MateoPanadero/.dotfiles/nvim)
chdir(/Users/MateoPanadero/.dotfiles/nvim/plugged/ultisnips/plugin)
chdir(/Users/MateoPanadero/.dotfiles/nvim)
"/Users/MateoPanadero/.dotfiles/nvim/plugged/ultisnips/plugin/UltiSnips.vim" laden
chdir(/Users/MateoPanadero/.dotfiles/nvim)
chdir(/Users/MateoPanadero/.dotfiles/nvim/plugged/ultisnips/autoload/UltiSnips)
chdir(/Users/MateoPanadero/.dotfiles/nvim)
regel 28: "/Users/MateoPanadero/.dotfiles/nvim/plugged/ultisnips/autoload/UltiSnips/map_keys.vim" laden
laden van /Users/MateoPanadero/.dotfiles/nvim/plugged/ultisnips/autoload/UltiSnips/map_keys.vim afgerond
voortzetten in /Users/MateoPanadero/.dotfiles/nvim/plugged/ultisnips/plugin/UltiSnips.vim
laden van /Users/MateoPanadero/.dotfiles/nvim/plugged/ultisnips/plugin/UltiSnips.vim afgerond
chdir(/Users/MateoPanadero/.dotfiles/nvim)
chdir(/Users/MateoPanadero/.dotfiles/nvim/plugged/vim-snippets/plugin)
chdir(/Users/MateoPanadero/.dotfiles/nvim)
"/Users/MateoPanadero/.dotfiles/nvim/plugged/vim-snippets/plugin/vimsnippets.vim" laden
laden van /Users/MateoPanadero/.dotfiles/nvim/plugged/vim-snippets/plugin/vimsnippets.vim afgerond
chdir(/Users/MateoPanadero/.dotfiles/nvim)
chdir(/Users/MateoPanadero/.dotfiles/nvim/plugged/fzf/plugin)
chdir(/Users/MateoPanadero/.dotfiles/nvim)
"/Users/MateoPanadero/.dotfiles/nvim/plugged/fzf/plugin/fzf.vim" laden
laden van /Users/MateoPanadero/.dotfiles/nvim/plugged/fzf/plugin/fzf.vim afgerond
chdir(/Users/MateoPanadero/.dotfiles/nvim)
chdir(/Users/MateoPanadero/.dotfiles/nvim/plugged/fzf.vim/plugin)
chdir(/Users/MateoPanadero/.dotfiles/nvim)
"/Users/MateoPanadero/.dotfiles/nvim/plugged/fzf.vim/plugin/fzf.vim" laden
laden van /Users/MateoPanadero/.dotfiles/nvim/plugged/fzf.vim/plugin/fzf.vim afgerond
chdir(/Users/MateoPanadero/.dotfiles/nvim)
chdir(/Users/MateoPanadero/.dotfiles/nvim/plugged/vim-fugitive/plugin)
chdir(/Users/MateoPanadero/.dotfiles/nvim)
"/Users/MateoPanadero/.dotfiles/nvim/plugged/vim-fugitive/plugin/fugitive.vim" laden
laden van /Users/MateoPanadero/.dotfiles/nvim/plugged/vim-fugitive/plugin/fugitive.vim afgerond
chdir(/Users/MateoPanadero/.dotfiles/nvim)
chdir(/Users/MateoPanadero/.dotfiles/nvim/plugged/vim-rhubarb/plugin)
chdir(/Users/MateoPanadero/.dotfiles/nvim)
"/Users/MateoPanadero/.dotfiles/nvim/plugged/vim-rhubarb/plugin/rhubarb.vim" laden
laden van /Users/MateoPanadero/.dotfiles/nvim/plugged/vim-rhubarb/plugin/rhubarb.vim afgerond
chdir(/Users/MateoPanadero/.dotfiles/nvim)
chdir(/Users/MateoPanadero/.dotfiles/nvim/plugged/gv.vim/plugin)
chdir(/Users/MateoPanadero/.dotfiles/nvim)
"/Users/MateoPanadero/.dotfiles/nvim/plugged/gv.vim/plugin/gv.vim" laden
laden van /Users/MateoPanadero/.dotfiles/nvim/plugged/gv.vim/plugin/gv.vim afgerond
chdir(/Users/MateoPanadero/.dotfiles/nvim)
chdir(/Users/MateoPanadero/.dotfiles/nvim/plugged/vim-twiggy/plugin)
chdir(/Users/MateoPanadero/.dotfiles/nvim)
"/Users/MateoPanadero/.dotfiles/nvim/plugged/vim-twiggy/plugin/twiggy.vim" laden
laden van /Users/MateoPanadero/.dotfiles/nvim/plugged/vim-twiggy/plugin/twiggy.vim afgerond
chdir(/Users/MateoPanadero/.dotfiles/nvim)
chdir(/Users/MateoPanadero/.dotfiles/nvim/plugged/vim-devicons/plugin)
chdir(/Users/MateoPanadero/.dotfiles/nvim)
"/Users/MateoPanadero/.dotfiles/nvim/plugged/vim-devicons/plugin/webdevicons.vim" laden
chdir(/Users/MateoPanadero/.dotfiles/nvim)
chdir(/Users/MateoPanadero/.dotfiles/nvim/plugged/vim-devicons/autoload/devicons/plugins)
chdir(/Users/MateoPanadero/.dotfiles/nvim)
regel 10: "/Users/MateoPanadero/.dotfiles/nvim/plugged/vim-devicons/autoload/devicons/plugins/startify.vim" laden
laden van /Users/MateoPanadero/.dotfiles/nvim/plugged/vim-devicons/autoload/devicons/plugins/startify.vim afgerond
voortzetten in function <SNR>37_initialize
laden van /Users/MateoPanadero/.dotfiles/nvim/plugged/vim-devicons/plugin/webdevicons.vim afgerond
chdir(/Users/MateoPanadero/.dotfiles/nvim)
chdir(/Users/MateoPanadero/.dotfiles/nvim/plugged/vim-rooter/plugin)
chdir(/Users/MateoPanadero/.dotfiles/nvim)
"/Users/MateoPanadero/.dotfiles/nvim/plugged/vim-rooter/plugin/rooter.vim" laden
laden van /Users/MateoPanadero/.dotfiles/nvim/plugged/vim-rooter/plugin/rooter.vim afgerond
chdir(/Users/MateoPanadero/.dotfiles/nvim)
chdir(/Users/MateoPanadero/.dotfiles/nvim/plugged/vim-autoclose/plugin)
chdir(/Users/MateoPanadero/.dotfiles/nvim)
"/Users/MateoPanadero/.dotfiles/nvim/plugged/vim-autoclose/plugin/AutoClose.vim" laden
not found in 'runtimepath': "autoload/AutoClose.vim"
laden van /Users/MateoPanadero/.dotfiles/nvim/plugged/vim-autoclose/plugin/AutoClose.vim afgerond
chdir(/Users/MateoPanadero/.dotfiles/nvim)
chdir(/Users/MateoPanadero/.dotfiles/nvim/plugged/vim-commentary/plugin)
chdir(/Users/MateoPanadero/.dotfiles/nvim)
"/Users/MateoPanadero/.dotfiles/nvim/plugged/vim-commentary/plugin/commentary.vim" laden
laden van /Users/MateoPanadero/.dotfiles/nvim/plugged/vim-commentary/plugin/commentary.vim afgerond
chdir(/Users/MateoPanadero/.dotfiles/nvim)
chdir(/Users/MateoPanadero/.dotfiles/nvim/plugged/vim-unimpaired/plugin)
chdir(/Users/MateoPanadero/.dotfiles/nvim)
"/Users/MateoPanadero/.dotfiles/nvim/plugged/vim-unimpaired/plugin/unimpaired.vim" laden
laden van /Users/MateoPanadero/.dotfiles/nvim/plugged/vim-unimpaired/plugin/unimpaired.vim afgerond
chdir(/Users/MateoPanadero/.dotfiles/nvim)
chdir(/Users/MateoPanadero/.dotfiles/nvim/plugged/vim-surround/plugin)
chdir(/Users/MateoPanadero/.dotfiles/nvim)
"/Users/MateoPanadero/.dotfiles/nvim/plugged/vim-surround/plugin/surround.vim" laden
laden van /Users/MateoPanadero/.dotfiles/nvim/plugged/vim-surround/plugin/surround.vim afgerond
chdir(/Users/MateoPanadero/.dotfiles/nvim)
chdir(/Users/MateoPanadero/.dotfiles/nvim/plugged/vim-ragtag/plugin)
chdir(/Users/MateoPanadero/.dotfiles/nvim)
"/Users/MateoPanadero/.dotfiles/nvim/plugged/vim-ragtag/plugin/ragtag.vim" laden
laden van /Users/MateoPanadero/.dotfiles/nvim/plugged/vim-ragtag/plugin/ragtag.vim afgerond
chdir(/Users/MateoPanadero/.dotfiles/nvim)
chdir(/Users/MateoPanadero/.dotfiles/nvim/plugged/editorconfig-vim/plugin)
chdir(/Users/MateoPanadero/.dotfiles/nvim)
"/Users/MateoPanadero/.dotfiles/nvim/plugged/editorconfig-vim/plugin/editorconfig.vim" laden
laden van /Users/MateoPanadero/.dotfiles/nvim/plugged/editorconfig-vim/plugin/editorconfig.vim afgerond
chdir(/Users/MateoPanadero/.dotfiles/nvim)
chdir(/Users/MateoPanadero/.dotfiles/nvim/plugged/splitjoin.vim/plugin)
chdir(/Users/MateoPanadero/.dotfiles/nvim)
"/Users/MateoPanadero/.dotfiles/nvim/plugged/splitjoin.vim/plugin/splitjoin.vim" laden
chdir(/Users/MateoPanadero/.dotfiles/nvim)
chdir(/Users/MateoPanadero/.dotfiles/nvim/plugged/splitjoin.vim/autoload/sj)
chdir(/Users/MateoPanadero/.dotfiles/nvim)
regel 12: "/Users/MateoPanadero/.dotfiles/nvim/plugged/splitjoin.vim/autoload/sj/settings.vim" laden
laden van /Users/MateoPanadero/.dotfiles/nvim/plugged/splitjoin.vim/autoload/sj/settings.vim afgerond
voortzetten in /Users/MateoPanadero/.dotfiles/nvim/plugged/splitjoin.vim/plugin/splitjoin.vim
laden van /Users/MateoPanadero/.dotfiles/nvim/plugged/splitjoin.vim/plugin/splitjoin.vim afgerond
chdir(/Users/MateoPanadero/.dotfiles/nvim)
chdir(/Users/MateoPanadero/.dotfiles/nvim/plugged/vim-endwise/plugin)
chdir(/Users/MateoPanadero/.dotfiles/nvim)
"/Users/MateoPanadero/.dotfiles/nvim/plugged/vim-endwise/plugin/endwise.vim" laden
laden van /Users/MateoPanadero/.dotfiles/nvim/plugged/vim-endwise/plugin/endwise.vim afgerond
chdir(/Users/MateoPanadero/.dotfiles/nvim)
chdir(/Users/MateoPanadero/.dotfiles/nvim/plugged/vim-pasta/plugin)
chdir(/Users/MateoPanadero/.dotfiles/nvim)
"/Users/MateoPanadero/.dotfiles/nvim/plugged/vim-pasta/plugin/pasta.vim" laden
laden van /Users/MateoPanadero/.dotfiles/nvim/plugged/vim-pasta/plugin/pasta.vim afgerond
chdir(/Users/MateoPanadero/.dotfiles/nvim)
chdir(/Users/MateoPanadero/.dotfiles/nvim/plugged/zoom-vim/plugin)
chdir(/Users/MateoPanadero/.dotfiles/nvim)
"/Users/MateoPanadero/.dotfiles/nvim/plugged/zoom-vim/plugin/zoom.vim" laden
laden van /Users/MateoPanadero/.dotfiles/nvim/plugged/zoom-vim/plugin/zoom.vim afgerond
chdir(/Users/MateoPanadero/.dotfiles/nvim)
chdir(/Users/MateoPanadero/.dotfiles/nvim/plugged/vimux/plugin)
chdir(/Users/MateoPanadero/.dotfiles/nvim)
"/Users/MateoPanadero/.dotfiles/nvim/plugged/vimux/plugin/vimux.vim" laden
laden van /Users/MateoPanadero/.dotfiles/nvim/plugged/vimux/plugin/vimux.vim afgerond
chdir(/Users/MateoPanadero/.dotfiles/nvim)
chdir(/usr/local/Cellar/neovim/HEAD-9fee5f1/share/nvim/runtime/plugin)
chdir(/Users/MateoPanadero/.dotfiles/nvim)
"/usr/local/Cellar/neovim/HEAD-9fee5f1/share/nvim/runtime/plugin/gzip.vim" laden
laden van /usr/local/Cellar/neovim/HEAD-9fee5f1/share/nvim/runtime/plugin/gzip.vim afgerond
chdir(/Users/MateoPanadero/.dotfiles/nvim)
chdir(/usr/local/Cellar/neovim/HEAD-9fee5f1/share/nvim/runtime/plugin)
chdir(/Users/MateoPanadero/.dotfiles/nvim)
"/usr/local/Cellar/neovim/HEAD-9fee5f1/share/nvim/runtime/plugin/health.vim" laden
laden van /usr/local/Cellar/neovim/HEAD-9fee5f1/share/nvim/runtime/plugin/health.vim afgerond
chdir(/Users/MateoPanadero/.dotfiles/nvim)
chdir(/usr/local/Cellar/neovim/HEAD-9fee5f1/share/nvim/runtime/plugin)
chdir(/Users/MateoPanadero/.dotfiles/nvim)
"/usr/local/Cellar/neovim/HEAD-9fee5f1/share/nvim/runtime/plugin/man.vim" laden
laden van /usr/local/Cellar/neovim/HEAD-9fee5f1/share/nvim/runtime/plugin/man.vim afgerond
chdir(/Users/MateoPanadero/.dotfiles/nvim)
chdir(/usr/local/Cellar/neovim/HEAD-9fee5f1/share/nvim/runtime/plugin)
chdir(/Users/MateoPanadero/.dotfiles/nvim)
"/usr/local/Cellar/neovim/HEAD-9fee5f1/share/nvim/runtime/plugin/matchit.vim" laden
not found in 'packpath': "pack/*/start/matchit"
chdir(/Users/MateoPanadero/.dotfiles/nvim)
chdir(/usr/local/Cellar/neovim/HEAD-9fee5f1/share/nvim/runtime)
chdir(/Users/MateoPanadero/.dotfiles/nvim)
chdir(/Users/MateoPanadero/.dotfiles/nvim)
chdir(/Users/MateoPanadero/.config/nvim)
chdir(/Users/MateoPanadero/.dotfiles/nvim)
chdir(/Users/MateoPanadero/.dotfiles/nvim)
chdir(/Users/MateoPanadero/Repositories/test-explorer.nvim)
chdir(/Users/MateoPanadero/.dotfiles/nvim)
chdir(/Users/MateoPanadero/.dotfiles/nvim)
chdir(/Users/MateoPanadero/.dotfiles/nvim/plugged/nlua.nvim)
chdir(/Users/MateoPanadero/.dotfiles/nvim)
chdir(/Users/MateoPanadero/.dotfiles/nvim)
chdir(/Users/MateoPanadero/.dotfiles/nvim/plugged/popup.nvim)
chdir(/Users/MateoPanadero/.dotfiles/nvim)
chdir(/Users/MateoPanadero/.dotfiles/nvim)
chdir(/Users/MateoPanadero/.dotfiles/nvim/plugged/plenary.nvim)
chdir(/Users/MateoPanadero/.dotfiles/nvim)
chdir(/Users/MateoPanadero/.dotfiles/nvim)
chdir(/Users/MateoPanadero/.dotfiles/nvim/plugged/telescope.nvim)
chdir(/Users/MateoPanadero/.dotfiles/nvim)
chdir(/Users/MateoPanadero/.dotfiles/nvim)
chdir(/Users/MateoPanadero/.dotfiles/nvim/plugged/gruvbox)
chdir(/Users/MateoPanadero/.dotfiles/nvim)
chdir(/Users/MateoPanadero/.dotfiles/nvim)
chdir(/Users/MateoPanadero/.dotfiles/nvim/plugged/lightline.vim)
chdir(/Users/MateoPanadero/.dotfiles/nvim)
chdir(/Users/MateoPanadero/.dotfiles/nvim)
chdir(/Users/MateoPanadero/.dotfiles/nvim/plugged/vim-base16-lightline)
chdir(/Users/MateoPanadero/.dotfiles/nvim)
chdir(/Users/MateoPanadero/.dotfiles/nvim)
chdir(/Users/MateoPanadero/.dotfiles/nvim/plugged/nvim-lspconfig)
chdir(/Users/MateoPanadero/.dotfiles/nvim)
chdir(/Users/MateoPanadero/.dotfiles/nvim)
chdir(/Users/MateoPanadero/.dotfiles/nvim/plugged/completion-nvim)
chdir(/Users/MateoPanadero/.dotfiles/nvim)
chdir(/Users/MateoPanadero/.dotfiles/nvim)
chdir(/Users/MateoPanadero/.dotfiles/nvim/plugged/diagnostic-nvim)
chdir(/Users/MateoPanadero/.dotfiles/nvim)
chdir(/Users/MateoPanadero/.dotfiles/nvim)
chdir(/Users/MateoPanadero/.dotfiles/nvim/plugged/BetterLua.vim)
chdir(/Users/MateoPanadero/.dotfiles/nvim)
chdir(/Users/MateoPanadero/.dotfiles/nvim)
chdir(/Users/MateoPanadero/.dotfiles/nvim/plugged/vim-markdown)
chdir(/Users/MateoPanadero/.dotfiles/nvim)
chdir(/Users/MateoPanadero/.dotfiles/nvim)
chdir(/Users/MateoPanadero/.dotfiles/nvim/plugged/vim-json)
chdir(/Users/MateoPanadero/.dotfiles/nvim)
chdir(/Users/MateoPanadero/.dotfiles/nvim)
chdir(/Users/MateoPanadero/.dotfiles/nvim/plugged/vim-startify)
chdir(/Users/MateoPanadero/.dotfiles/nvim)
chdir(/Users/MateoPanadero/.dotfiles/nvim)
chdir(/Users/MateoPanadero/.dotfiles/nvim/plugged/deoplete.nvim)
chdir(/Users/MateoPanadero/.dotfiles/nvim)
chdir(/Users/MateoPanadero/.dotfiles/nvim)
chdir(/Users/MateoPanadero/.dotfiles/nvim/plugged/deoplete-tabnine)
chdir(/Users/MateoPanadero/.dotfiles/nvim)
chdir(/Users/MateoPanadero/.dotfiles/nvim)
chdir(/Users/MateoPanadero/.dotfiles/nvim/plugged/deoplete-jedi)
chdir(/Users/MateoPanadero/.dotfiles/nvim)
chdir(/Users/MateoPanadero/.dotfiles/nvim)
chdir(/Users/MateoPanadero/.dotfiles/nvim/plugged/ultisnips)
chdir(/Users/MateoPanadero/.dotfiles/nvim)
chdir(/Users/MateoPanadero/.dotfiles/nvim)
chdir(/Users/MateoPanadero/.dotfiles/nvim/plugged/vim-snippets)
chdir(/Users/MateoPanadero/.dotfiles/nvim)
chdir(/Users/MateoPanadero/.dotfiles/nvim)
chdir(/Users/MateoPanadero/.dotfiles/nvim/plugged/vim-unity-snippets)
chdir(/Users/MateoPanadero/.dotfiles/nvim)
chdir(/Users/MateoPanadero/.dotfiles/nvim)
chdir(/Users/MateoPanadero/.dotfiles/nvim/plugged/fzf)
chdir(/Users/MateoPanadero/.dotfiles/nvim)
chdir(/Users/MateoPanadero/.dotfiles/nvim)
chdir(/Users/MateoPanadero/.dotfiles/nvim/plugged/fzf.vim)
chdir(/Users/MateoPanadero/.dotfiles/nvim)
chdir(/Users/MateoPanadero/.dotfiles/nvim)
chdir(/Users/MateoPanadero/.dotfiles/nvim/plugged/vim-fugitive)
chdir(/Users/MateoPanadero/.dotfiles/nvim)
chdir(/Users/MateoPanadero/.dotfiles/nvim)
chdir(/Users/MateoPanadero/.dotfiles/nvim/plugged/vim-rhubarb)
chdir(/Users/MateoPanadero/.dotfiles/nvim)
chdir(/Users/MateoPanadero/.dotfiles/nvim)
chdir(/Users/MateoPanadero/.dotfiles/nvim/plugged/gv.vim)
chdir(/Users/MateoPanadero/.dotfiles/nvim)
chdir(/Users/MateoPanadero/.dotfiles/nvim)
chdir(/Users/MateoPanadero/.dotfiles/nvim/plugged/vim-twiggy)
chdir(/Users/MateoPanadero/.dotfiles/nvim)
chdir(/Users/MateoPanadero/.dotfiles/nvim)
chdir(/Users/MateoPanadero/.dotfiles/nvim/plugged/nerdtree-git-plugin)
chdir(/Users/MateoPanadero/.dotfiles/nvim)
chdir(/Users/MateoPanadero/.dotfiles/nvim)
chdir(/Users/MateoPanadero/.dotfiles/nvim/plugged/vim-devicons)
chdir(/Users/MateoPanadero/.dotfiles/nvim)
chdir(/Users/MateoPanadero/.dotfiles/nvim)
chdir(/Users/MateoPanadero/.dotfiles/nvim/plugged/vim-nerdtree-syntax-highlight)
chdir(/Users/MateoPanadero/.dotfiles/nvim)
chdir(/Users/MateoPanadero/.dotfiles/nvim)
chdir(/Users/MateoPanadero/.dotfiles/nvim/plugged/vim-rooter)
chdir(/Users/MateoPanadero/.dotfiles/nvim)
chdir(/Users/MateoPanadero/.dotfiles/nvim)
chdir(/Users/MateoPanadero/.dotfiles/nvim/plugged/vim-autoclose)
chdir(/Users/MateoPanadero/.dotfiles/nvim)
chdir(/Users/MateoPanadero/.dotfiles/nvim)
chdir(/Users/MateoPanadero/.dotfiles/nvim/plugged/vim-commentary)
chdir(/Users/MateoPanadero/.dotfiles/nvim)
chdir(/Users/MateoPanadero/.dotfiles/nvim)
chdir(/Users/MateoPanadero/.dotfiles/nvim/plugged/vim-unimpaired)
chdir(/Users/MateoPanadero/.dotfiles/nvim)
chdir(/Users/MateoPanadero/.dotfiles/nvim)
chdir(/Users/MateoPanadero/.dotfiles/nvim/plugged/vim-surround)
chdir(/Users/MateoPanadero/.dotfiles/nvim)
chdir(/Users/MateoPanadero/.dotfiles/nvim)
chdir(/Users/MateoPanadero/.dotfiles/nvim/plugged/vim-ragtag)
chdir(/Users/MateoPanadero/.dotfiles/nvim)
chdir(/Users/MateoPanadero/.dotfiles/nvim)
chdir(/Users/MateoPanadero/.dotfiles/nvim/plugged/vim-repeat)
chdir(/Users/MateoPanadero/.dotfiles/nvim)
chdir(/Users/MateoPanadero/.dotfiles/nvim)
chdir(/Users/MateoPanadero/.dotfiles/nvim/plugged/editorconfig-vim)
chdir(/Users/MateoPanadero/.dotfiles/nvim)
chdir(/Users/MateoPanadero/.dotfiles/nvim)
chdir(/Users/MateoPanadero/.dotfiles/nvim/plugged/splitjoin.vim)
chdir(/Users/MateoPanadero/.dotfiles/nvim)
chdir(/Users/MateoPanadero/.dotfiles/nvim)
chdir(/Users/MateoPanadero/.dotfiles/nvim/plugged/vim-endwise)
chdir(/Users/MateoPanadero/.dotfiles/nvim)
chdir(/Users/MateoPanadero/.dotfiles/nvim)
chdir(/Users/MateoPanadero/.dotfiles/nvim/plugged/vim-pasta)
chdir(/Users/MateoPanadero/.dotfiles/nvim)
chdir(/Users/MateoPanadero/.dotfiles/nvim)
chdir(/Users/MateoPanadero/.dotfiles/nvim/plugged/zoom-vim)
chdir(/Users/MateoPanadero/.dotfiles/nvim)
chdir(/Users/MateoPanadero/.dotfiles/nvim)
chdir(/Users/MateoPanadero/.dotfiles/nvim/plugged/vimux)
chdir(/Users/MateoPanadero/.dotfiles/nvim)
chdir(/Users/MateoPanadero/.dotfiles/nvim)
chdir(/etc/xdg/nvim)
chdir(/Users/MateoPanadero/.dotfiles/nvim)
chdir(/Users/MateoPanadero/.dotfiles/nvim)
chdir(/Users/MateoPanadero/.local/share/nvim/site)
chdir(/Users/MateoPanadero/.dotfiles/nvim)
chdir(/Users/MateoPanadero/.dotfiles/nvim)
chdir(/usr/local/share/nvim/site)
chdir(/Users/MateoPanadero/.dotfiles/nvim)
chdir(/Users/MateoPanadero/.dotfiles/nvim)
chdir(/usr/share/nvim/site)
chdir(/Users/MateoPanadero/.dotfiles/nvim)
chdir(/Users/MateoPanadero/.dotfiles/nvim)
chdir(/usr/local/Cellar/neovim/HEAD-9fee5f1/share/nvim/runtime)
chdir(/Users/MateoPanadero/.dotfiles/nvim)
chdir(/Users/MateoPanadero/.dotfiles/nvim)
chdir(/usr/local/Cellar/neovim/HEAD-9fee5f1/share/nvim/runtime/pack/dist/opt)
chdir(/Users/MateoPanadero/.dotfiles/nvim)
chdir(/Users/MateoPanadero/.dotfiles/nvim)
chdir(/usr/local/Cellar/neovim/HEAD-9fee5f1/share/nvim/runtime/pack/dist/opt/matchit/plugin)
chdir(/Users/MateoPanadero/.dotfiles/nvim)
regel 3: "/usr/local/Cellar/neovim/HEAD-9fee5f1/share/nvim/runtime/pack/dist/opt/matchit/plugin/matchit.vim" laden
laden van /usr/local/Cellar/neovim/HEAD-9fee5f1/share/nvim/runtime/pack/dist/opt/matchit/plugin/matchit.vim afgerond
voortzetten in /usr/local/Cellar/neovim/HEAD-9fee5f1/share/nvim/runtime/plugin/matchit.vim
laden van /usr/local/Cellar/neovim/HEAD-9fee5f1/share/nvim/runtime/plugin/matchit.vim afgerond
chdir(/Users/MateoPanadero/.dotfiles/nvim)
chdir(/usr/local/Cellar/neovim/HEAD-9fee5f1/share/nvim/runtime/plugin)
chdir(/Users/MateoPanadero/.dotfiles/nvim)
"/usr/local/Cellar/neovim/HEAD-9fee5f1/share/nvim/runtime/plugin/matchparen.vim" laden
laden van /usr/local/Cellar/neovim/HEAD-9fee5f1/share/nvim/runtime/plugin/matchparen.vim afgerond
chdir(/Users/MateoPanadero/.dotfiles/nvim)
chdir(/usr/local/Cellar/neovim/HEAD-9fee5f1/share/nvim/runtime/plugin)
chdir(/Users/MateoPanadero/.dotfiles/nvim)
"/usr/local/Cellar/neovim/HEAD-9fee5f1/share/nvim/runtime/plugin/netrwPlugin.vim" laden
laden van /usr/local/Cellar/neovim/HEAD-9fee5f1/share/nvim/runtime/plugin/netrwPlugin.vim afgerond
chdir(/Users/MateoPanadero/.dotfiles/nvim)
chdir(/usr/local/Cellar/neovim/HEAD-9fee5f1/share/nvim/runtime/plugin)
chdir(/Users/MateoPanadero/.dotfiles/nvim)
"/usr/local/Cellar/neovim/HEAD-9fee5f1/share/nvim/runtime/plugin/rplugin.vim" laden
chdir(/Users/MateoPanadero/.dotfiles/nvim)
chdir(/Users/MateoPanadero/.local/share/nvim)
chdir(/Users/MateoPanadero/.dotfiles/nvim)
regel 3: "/Users/MateoPanadero/.local/share/nvim/rplugin.vim" laden
chdir(/Users/MateoPanadero/.dotfiles/nvim)
chdir(/usr/local/Cellar/neovim/HEAD-9fee5f1/share/nvim/runtime/autoload/remote)
chdir(/Users/MateoPanadero/.dotfiles/nvim)
regel 5: "/usr/local/Cellar/neovim/HEAD-9fee5f1/share/nvim/runtime/autoload/remote/host.vim" laden
laden van /usr/local/Cellar/neovim/HEAD-9fee5f1/share/nvim/runtime/autoload/remote/host.vim afgerond
voortzetten in /Users/MateoPanadero/.local/share/nvim/rplugin.vim
chdir(/Users/MateoPanadero/.dotfiles/nvim)
chdir(/usr/local/Cellar/neovim/HEAD-9fee5f1/share/nvim/runtime/autoload/remote)
chdir(/Users/MateoPanadero/.dotfiles/nvim)
regel 34: "/usr/local/Cellar/neovim/HEAD-9fee5f1/share/nvim/runtime/autoload/remote/define.vim" laden
laden van /usr/local/Cellar/neovim/HEAD-9fee5f1/share/nvim/runtime/autoload/remote/define.vim afgerond
voortzetten in function remote#host#RegisterPlugin
laden van /Users/MateoPanadero/.local/share/nvim/rplugin.vim afgerond
voortzetten in function <SNR>59_LoadRemotePlugins
laden van /usr/local/Cellar/neovim/HEAD-9fee5f1/share/nvim/runtime/plugin/rplugin.vim afgerond
chdir(/Users/MateoPanadero/.dotfiles/nvim)
chdir(/usr/local/Cellar/neovim/HEAD-9fee5f1/share/nvim/runtime/plugin)
chdir(/Users/MateoPanadero/.dotfiles/nvim)
"/usr/local/Cellar/neovim/HEAD-9fee5f1/share/nvim/runtime/plugin/shada.vim" laden
laden van /usr/local/Cellar/neovim/HEAD-9fee5f1/share/nvim/runtime/plugin/shada.vim afgerond
chdir(/Users/MateoPanadero/.dotfiles/nvim)
chdir(/usr/local/Cellar/neovim/HEAD-9fee5f1/share/nvim/runtime/plugin)
chdir(/Users/MateoPanadero/.dotfiles/nvim)
"/usr/local/Cellar/neovim/HEAD-9fee5f1/share/nvim/runtime/plugin/spellfile.vim" laden
laden van /usr/local/Cellar/neovim/HEAD-9fee5f1/share/nvim/runtime/plugin/spellfile.vim afgerond
chdir(/Users/MateoPanadero/.dotfiles/nvim)
chdir(/usr/local/Cellar/neovim/HEAD-9fee5f1/share/nvim/runtime/plugin)
chdir(/Users/MateoPanadero/.dotfiles/nvim)
"/usr/local/Cellar/neovim/HEAD-9fee5f1/share/nvim/runtime/plugin/tarPlugin.vim" laden
laden van /usr/local/Cellar/neovim/HEAD-9fee5f1/share/nvim/runtime/plugin/tarPlugin.vim afgerond
chdir(/Users/MateoPanadero/.dotfiles/nvim)
chdir(/usr/local/Cellar/neovim/HEAD-9fee5f1/share/nvim/runtime/plugin)
chdir(/Users/MateoPanadero/.dotfiles/nvim)
"/usr/local/Cellar/neovim/HEAD-9fee5f1/share/nvim/runtime/plugin/tohtml.vim" laden
laden van /usr/local/Cellar/neovim/HEAD-9fee5f1/share/nvim/runtime/plugin/tohtml.vim afgerond
chdir(/Users/MateoPanadero/.dotfiles/nvim)
chdir(/usr/local/Cellar/neovim/HEAD-9fee5f1/share/nvim/runtime/plugin)
chdir(/Users/MateoPanadero/.dotfiles/nvim)
"/usr/local/Cellar/neovim/HEAD-9fee5f1/share/nvim/runtime/plugin/tutor.vim" laden
laden van /usr/local/Cellar/neovim/HEAD-9fee5f1/share/nvim/runtime/plugin/tutor.vim afgerond
chdir(/Users/MateoPanadero/.dotfiles/nvim)
chdir(/usr/local/Cellar/neovim/HEAD-9fee5f1/share/nvim/runtime/plugin)
chdir(/Users/MateoPanadero/.dotfiles/nvim)
"/usr/local/Cellar/neovim/HEAD-9fee5f1/share/nvim/runtime/plugin/zipPlugin.vim" laden
laden van /usr/local/Cellar/neovim/HEAD-9fee5f1/share/nvim/runtime/plugin/zipPlugin.vim afgerond
not found in 'packpath': "pack/*/start/*"
chdir(/Users/MateoPanadero/.dotfiles/nvim)
chdir(/Users/MateoPanadero/.dotfiles/nvim/plugged/ultisnips/after/plugin)
chdir(/Users/MateoPanadero/.dotfiles/nvim)
"/Users/MateoPanadero/.dotfiles/nvim/plugged/ultisnips/after/plugin/UltiSnips_after.vim" laden
laden van /Users/MateoPanadero/.dotfiles/nvim/plugged/ultisnips/after/plugin/UltiSnips_after.vim afgerond
chdir(/Users/MateoPanadero/.dotfiles/nvim)
chdir(/Users/MateoPanadero/.config/nvim/after/plugin)
chdir(/Users/MateoPanadero/.dotfiles/nvim)
"/Users/MateoPanadero/.config/nvim/after/plugin/ale.vim" laden
laden van /Users/MateoPanadero/.config/nvim/after/plugin/ale.vim afgerond
chdir(/Users/MateoPanadero/.dotfiles/nvim)
chdir(/Users/MateoPanadero/.config/nvim/after/plugin)
chdir(/Users/MateoPanadero/.dotfiles/nvim)
"/Users/MateoPanadero/.config/nvim/after/plugin/bu_omnisharp.vim" laden
chdir(/Users/MateoPanadero/.dotfiles/nvim)
chdir(/usr/local/Cellar/neovim/HEAD-9fee5f1/share/nvim/runtime)
chdir(/Users/MateoPanadero/.dotfiles/nvim)
regel 2: "/usr/local/Cellar/neovim/HEAD-9fee5f1/share/nvim/runtime/filetype.vim" laden
laden van /usr/local/Cellar/neovim/HEAD-9fee5f1/share/nvim/runtime/filetype.vim afgerond
voortzetten in /Users/MateoPanadero/.dotfiles/nvim/after/plugin/bu_omnisharp.vim
chdir(/Users/MateoPanadero/.dotfiles/nvim)
chdir(/usr/local/Cellar/neovim/HEAD-9fee5f1/share/nvim/runtime)
chdir(/Users/MateoPanadero/.dotfiles/nvim)
regel 2: "/usr/local/Cellar/neovim/HEAD-9fee5f1/share/nvim/runtime/ftplugin.vim" laden
laden van /usr/local/Cellar/neovim/HEAD-9fee5f1/share/nvim/runtime/ftplugin.vim afgerond
voortzetten in /Users/MateoPanadero/.dotfiles/nvim/after/plugin/bu_omnisharp.vim
chdir(/Users/MateoPanadero/.dotfiles/nvim)
chdir(/usr/local/Cellar/neovim/HEAD-9fee5f1/share/nvim/runtime)
chdir(/Users/MateoPanadero/.dotfiles/nvim)
regel 2: "/usr/local/Cellar/neovim/HEAD-9fee5f1/share/nvim/runtime/indent.vim" laden
laden van /usr/local/Cellar/neovim/HEAD-9fee5f1/share/nvim/runtime/indent.vim afgerond
voortzetten in /Users/MateoPanadero/.dotfiles/nvim/after/plugin/bu_omnisharp.vim
laden van /Users/MateoPanadero/.config/nvim/after/plugin/bu_omnisharp.vim afgerond
chdir(/Users/MateoPanadero/.dotfiles/nvim)
chdir(/Users/MateoPanadero/.config/nvim/after/plugin)
chdir(/Users/MateoPanadero/.dotfiles/nvim)
"/Users/MateoPanadero/.config/nvim/after/plugin/coc.vim" laden
laden van /Users/MateoPanadero/.config/nvim/after/plugin/coc.vim afgerond
chdir(/Users/MateoPanadero/.dotfiles/nvim)
chdir(/Users/MateoPanadero/.config/nvim/after/plugin)
chdir(/Users/MateoPanadero/.dotfiles/nvim)
"/Users/MateoPanadero/.config/nvim/after/plugin/completion-nvim.vim" laden
laden van /Users/MateoPanadero/.config/nvim/after/plugin/completion-nvim.vim afgerond
chdir(/Users/MateoPanadero/.dotfiles/nvim)
chdir(/Users/MateoPanadero/.config/nvim/after/plugin)
chdir(/Users/MateoPanadero/.dotfiles/nvim)
"/Users/MateoPanadero/.config/nvim/after/plugin/deoplete.vim" laden
chdir(/Users/MateoPanadero/.dotfiles/nvim)
chdir(/Users/MateoPanadero/.dotfiles/nvim/plugged/deoplete.nvim/autoload/deoplete)
chdir(/Users/MateoPanadero/.dotfiles/nvim)
regel 16: "/Users/MateoPanadero/.dotfiles/nvim/plugged/deoplete.nvim/autoload/deoplete/custom.vim" laden
laden van /Users/MateoPanadero/.dotfiles/nvim/plugged/deoplete.nvim/autoload/deoplete/custom.vim afgerond
voortzetten in /Users/MateoPanadero/.dotfiles/nvim/after/plugin/deoplete.vim
chdir(/Users/MateoPanadero/.dotfiles/nvim)
chdir(/Users/MateoPanadero/.dotfiles/nvim/plugged/deoplete.nvim/autoload/deoplete)
chdir(/Users/MateoPanadero/.dotfiles/nvim)
regel 4: "/Users/MateoPanadero/.dotfiles/nvim/plugged/deoplete.nvim/autoload/deoplete/init.vim" laden
laden van /Users/MateoPanadero/.dotfiles/nvim/plugged/deoplete.nvim/autoload/deoplete/init.vim afgerond
voortzetten in function deoplete#custom#option[1]..deoplete#custom#_get[2]..deoplete#custom#_init
chdir(/Users/MateoPanadero/.dotfiles/nvim)
chdir(/Users/MateoPanadero/.dotfiles/nvim/plugged/deoplete.nvim/autoload/deoplete)
chdir(/Users/MateoPanadero/.dotfiles/nvim)
regel 1: "/Users/MateoPanadero/.dotfiles/nvim/plugged/deoplete.nvim/autoload/deoplete/util.vim" laden
laden van /Users/MateoPanadero/.dotfiles/nvim/plugged/deoplete.nvim/autoload/deoplete/util.vim afgerond
voortzetten in function deoplete#custom#source
laden van /Users/MateoPanadero/.config/nvim/after/plugin/deoplete.vim afgerond
chdir(/Users/MateoPanadero/.dotfiles/nvim)
chdir(/Users/MateoPanadero/.config/nvim/after/plugin)
chdir(/Users/MateoPanadero/.dotfiles/nvim)
"/Users/MateoPanadero/.config/nvim/after/plugin/diagnostic-nvim.vim" laden
laden van /Users/MateoPanadero/.config/nvim/after/plugin/diagnostic-nvim.vim afgerond
chdir(/Users/MateoPanadero/.dotfiles/nvim)
chdir(/Users/MateoPanadero/.config/nvim/after/plugin)
chdir(/Users/MateoPanadero/.dotfiles/nvim)
"/Users/MateoPanadero/.config/nvim/after/plugin/fzf.vim" laden
laden van /Users/MateoPanadero/.config/nvim/after/plugin/fzf.vim afgerond
chdir(/Users/MateoPanadero/.dotfiles/nvim)
chdir(/Users/MateoPanadero/.config/nvim/after/plugin)
chdir(/Users/MateoPanadero/.dotfiles/nvim)
"/Users/MateoPanadero/.config/nvim/after/plugin/lightline.vim" laden
laden van /Users/MateoPanadero/.config/nvim/after/plugin/lightline.vim afgerond
chdir(/Users/MateoPanadero/.dotfiles/nvim)
chdir(/Users/MateoPanadero/.config/nvim/after/plugin)
chdir(/Users/MateoPanadero/.dotfiles/nvim)
"/Users/MateoPanadero/.config/nvim/after/plugin/nerdtree.vim" laden
laden van /Users/MateoPanadero/.config/nvim/after/plugin/nerdtree.vim afgerond
chdir(/Users/MateoPanadero/.dotfiles/nvim)
chdir(/Users/MateoPanadero/.config/nvim/after/plugin)
chdir(/Users/MateoPanadero/.dotfiles/nvim)
"/Users/MateoPanadero/.config/nvim/after/plugin/ranger.vim" laden
laden van /Users/MateoPanadero/.config/nvim/after/plugin/ranger.vim afgerond
chdir(/Users/MateoPanadero/.dotfiles/nvim)
chdir(/Users/MateoPanadero/.config/nvim/after/plugin)
chdir(/Users/MateoPanadero/.dotfiles/nvim)
"/Users/MateoPanadero/.config/nvim/after/plugin/startify.vim" laden
laden van /Users/MateoPanadero/.config/nvim/after/plugin/startify.vim afgerond
chdir(/Users/MateoPanadero/.dotfiles/nvim)
chdir(/Users/MateoPanadero/.config/nvim/after/plugin)
chdir(/Users/MateoPanadero/.dotfiles/nvim)
"/Users/MateoPanadero/.config/nvim/after/plugin/telescope.vim" laden
laden van /Users/MateoPanadero/.config/nvim/after/plugin/telescope.vim afgerond
chdir(/Users/MateoPanadero/.dotfiles/nvim)
chdir(/Users/MateoPanadero/.config/nvim/after/plugin)
chdir(/Users/MateoPanadero/.dotfiles/nvim)
"/Users/MateoPanadero/.config/nvim/after/plugin/ultisnips.vim" laden
laden van /Users/MateoPanadero/.config/nvim/after/plugin/ultisnips.vim afgerond
chdir(/Users/MateoPanadero/.dotfiles/nvim)
chdir(/Users/MateoPanadero/.config/nvim/after/plugin)
chdir(/Users/MateoPanadero/.dotfiles/nvim)
"/Users/MateoPanadero/.config/nvim/after/plugin/vim-fugitive.vim" laden
laden van /Users/MateoPanadero/.config/nvim/after/plugin/vim-fugitive.vim afgerond
chdir(/Users/MateoPanadero/.dotfiles/nvim)
chdir(/Users/MateoPanadero/.config/nvim/after/plugin)
chdir(/Users/MateoPanadero/.dotfiles/nvim)
"/Users/MateoPanadero/.config/nvim/after/plugin/vim-marked.vim" laden
laden van /Users/MateoPanadero/.config/nvim/after/plugin/vim-marked.vim afgerond
Reading ShaDa file "/Users/MateoPanadero/.local/share/nvim/shada/main.shada" info markering oud-bestanden
Reading ShaDa file "/Users/MateoPanadero/.local/share/nvim/shada/main.shada" markering
BufNewFile 'Autocommands' voor "*.cs" uitvoeren
autocommand setf cs

FileType 'Autocommands' voor "*" uitvoeren
autocommand call s:LoadFTPlugin()

chdir(/Users/MateoPanadero/.dotfiles/nvim)
chdir(/Users/MateoPanadero/.dotfiles/nvim/plugged/splitjoin.vim/ftplugin/cs)
chdir(/Users/MateoPanadero/.dotfiles/nvim)
regel 17: "/Users/MateoPanadero/.dotfiles/nvim/plugged/splitjoin.vim/ftplugin/cs/splitjoin.vim" laden
laden van /Users/MateoPanadero/.dotfiles/nvim/plugged/splitjoin.vim/ftplugin/cs/splitjoin.vim afgerond
voortzetten in function <SNR>4_LoadFTPlugin
chdir(/Users/MateoPanadero/.dotfiles/nvim)
chdir(/usr/local/Cellar/neovim/HEAD-9fee5f1/share/nvim/runtime/ftplugin)
chdir(/Users/MateoPanadero/.dotfiles/nvim)
regel 17: "/usr/local/Cellar/neovim/HEAD-9fee5f1/share/nvim/runtime/ftplugin/cs.vim" laden
laden van /usr/local/Cellar/neovim/HEAD-9fee5f1/share/nvim/runtime/ftplugin/cs.vim afgerond
voortzetten in function <SNR>4_LoadFTPlugin
FileType 'Autocommands' voor "*" uitvoeren
autocommand call s:LoadIndent()

chdir(/Users/MateoPanadero/.dotfiles/nvim)
chdir(/usr/local/Cellar/neovim/HEAD-9fee5f1/share/nvim/runtime/indent)
chdir(/Users/MateoPanadero/.dotfiles/nvim)
regel 14: "/usr/local/Cellar/neovim/HEAD-9fee5f1/share/nvim/runtime/indent/cs.vim" laden
laden van /usr/local/Cellar/neovim/HEAD-9fee5f1/share/nvim/runtime/indent/cs.vim afgerond
voortzetten in function <SNR>5_LoadIndent
FileType 'Autocommands' voor "*" uitvoeren
autocommand exe "set syntax=" . expand("<amatch>")

Syntax 'Autocommands' voor "*" uitvoeren
autocommand call s:SynSet()

chdir(/Users/MateoPanadero/.dotfiles/nvim)
chdir(/usr/local/Cellar/neovim/HEAD-9fee5f1/share/nvim/runtime/syntax)
chdir(/Users/MateoPanadero/.dotfiles/nvim)
regel 24: "/usr/local/Cellar/neovim/HEAD-9fee5f1/share/nvim/runtime/syntax/cs.vim" laden
chdir(/Users/MateoPanadero/.dotfiles/nvim)
chdir(/usr/local/Cellar/neovim/HEAD-9fee5f1/share/nvim/runtime/syntax)
chdir(/Users/MateoPanadero/.dotfiles/nvim)
regel 97: "/usr/local/Cellar/neovim/HEAD-9fee5f1/share/nvim/runtime/syntax/xml.vim" laden
chdir(/Users/MateoPanadero/.dotfiles/nvim)
chdir(/usr/local/Cellar/neovim/HEAD-9fee5f1/share/nvim/runtime/syntax)
chdir(/Users/MateoPanadero/.dotfiles/nvim)
regel 289: "/usr/local/Cellar/neovim/HEAD-9fee5f1/share/nvim/runtime/syntax/dtd.vim" laden
laden van /usr/local/Cellar/neovim/HEAD-9fee5f1/share/nvim/runtime/syntax/dtd.vim afgerond
voortzetten in /usr/local/Cellar/neovim/HEAD-9fee5f1/share/nvim/runtime/syntax/xml.vim
laden van /usr/local/Cellar/neovim/HEAD-9fee5f1/share/nvim/runtime/syntax/xml.vim afgerond
voortzetten in /usr/local/Cellar/neovim/HEAD-9fee5f1/share/nvim/runtime/syntax/cs.vim
laden van /usr/local/Cellar/neovim/HEAD-9fee5f1/share/nvim/runtime/syntax/cs.vim afgerond
voortzetten in function <SNR>14_SynSet
Syntax 'Autocommands' voor "cs" uitvoeren
autocommand if (exists('b:load_doxygen_syntax') && b:load_doxygen_syntax)^I|| (exists('g:load_doxygen_syntax') && g:load_doxygen_syntax)   | runtime! syntax/doxygen.vim | endif

FileType 'Autocommands' voor "*" uitvoeren
autocommand call s:abbrev()

FileType 'Autocommands' voor "*" uitvoeren
autocommand call <SID>SetupPasta()

FileType 'Autocommands' voor "cs" uitvoeren
autocommand nnoremap <buffer> gd :OmniSharpGotoDefinition<CR>

autocommand nnoremap <buffer> <Leader>fi :OmniSharpFindImplementations<CR>

autocommand nnoremap <buffer> <Leader>fs :OmniSharpFindSymbol<CR>

autocommand nnoremap <buffer> <Leader>fu :OmniSharpFindUsages<CR>

autocommand nnoremap <buffer> <Leader>fm :OmniSharpFindMembers<CR>

autocommand nnoremap <buffer> <Leader>fx :OmniSharpFixUsings<CR>

autocommand nnoremap <buffer> <Leader>tt :OmniSharpTypeLookup<CR>

autocommand nnoremap <buffer> <Leader>dc :OmniSharpDocumentation<CR>

autocommand nnoremap <buffer> <C-\> :OmniSharpSignatureHelp<CR>

autocommand inoremap <buffer> <C-\> <C-o>:OmniSharpSignatureHelp<CR>

autocommand nnoremap <buffer> <C-k> :OmniSharpNavigateUp<CR>

autocommand nnoremap <buffer> <C-j> :OmniSharpNavigateDown<CR>

autocommand nnoremap <buffer> <Leader>cc :OmniSharpGlobalCodeCheck<CR>

BufNewFile 'Autocommands' voor "*" uitvoeren
autocommand if !did_filetype() && expand("<amatch>") !~ g:ft_ignore_pat | runtime! scripts.vim | endif

BufNewFile 'Autocommands' voor "*" uitvoeren
autocommand if !did_filetype() && expand("<amatch>") !~ g:ft_ignore_pat    && (getline(1) =~ '^#' || getline(2) =~ '^#' || getline(3) =~ '^#'^I|| getline(4) =~ '^#' || getline(5) =~ '^#') |   setf FALLBACK conf | endif

BufNewFile 'Autocommands' voor "*" uitvoeren
autocommand call FugitiveDetect(expand('<amatch>:p'))

User 'Autocommands' voor "Fugitive" uitvoeren
autocommand if expand('%:p') =~# '\.git[\/].*MSG$' &&   exists('+omnifunc') &&   &omnifunc =~# '^\%(syntaxcomplete#Complete\)\=$' &&   !empty(filter(s:Config(),     '!empty(rhubarb#HomepageForUrl(matchstr(v:val, ''^\s*url\s*=\s*"\=\zs\S*'')))')) |   setlocal omnifunc=rhubarb#Complete | endif

BufNewFile 'Autocommands' voor "*" uitvoeren
autocommand if !<SID>IsLoadedOnBuffer() | call <SID>CreateMaps() | endif

FileType 'Autocommands' voor "*" uitvoeren
autocommand call s:LoadFTPlugin()

chdir(/Users/MateoPanadero/.dotfiles/nvim)
chdir(/Users/MateoPanadero/.dotfiles/nvim/plugged/splitjoin.vim/ftplugin/cs)
chdir(/Users/MateoPanadero/.dotfiles/nvim)
regel 17: "/Users/MateoPanadero/.dotfiles/nvim/plugged/splitjoin.vim/ftplugin/cs/splitjoin.vim" laden
laden van /Users/MateoPanadero/.dotfiles/nvim/plugged/splitjoin.vim/ftplugin/cs/splitjoin.vim afgerond
voortzetten in function <SNR>4_LoadFTPlugin
chdir(/Users/MateoPanadero/.dotfiles/nvim)
chdir(/usr/local/Cellar/neovim/HEAD-9fee5f1/share/nvim/runtime/ftplugin)
chdir(/Users/MateoPanadero/.dotfiles/nvim)
regel 17: "/usr/local/Cellar/neovim/HEAD-9fee5f1/share/nvim/runtime/ftplugin/cs.vim" laden
laden van /usr/local/Cellar/neovim/HEAD-9fee5f1/share/nvim/runtime/ftplugin/cs.vim afgerond
voortzetten in function <SNR>4_LoadFTPlugin
FileType 'Autocommands' voor "*" uitvoeren
autocommand call s:LoadIndent()

chdir(/Users/MateoPanadero/.dotfiles/nvim)
chdir(/usr/local/Cellar/neovim/HEAD-9fee5f1/share/nvim/runtime/indent)
chdir(/Users/MateoPanadero/.dotfiles/nvim)
regel 14: "/usr/local/Cellar/neovim/HEAD-9fee5f1/share/nvim/runtime/indent/cs.vim" laden
laden van /usr/local/Cellar/neovim/HEAD-9fee5f1/share/nvim/runtime/indent/cs.vim afgerond
voortzetten in function <SNR>5_LoadIndent
FileType 'Autocommands' voor "*" uitvoeren
autocommand exe "set syntax=" . expand("<amatch>")

Syntax 'Autocommands' voor "*" uitvoeren
autocommand call s:SynSet()

chdir(/Users/MateoPanadero/.dotfiles/nvim)
chdir(/usr/local/Cellar/neovim/HEAD-9fee5f1/share/nvim/runtime/syntax)
chdir(/Users/MateoPanadero/.dotfiles/nvim)
regel 24: "/usr/local/Cellar/neovim/HEAD-9fee5f1/share/nvim/runtime/syntax/cs.vim" laden
chdir(/Users/MateoPanadero/.dotfiles/nvim)
chdir(/usr/local/Cellar/neovim/HEAD-9fee5f1/share/nvim/runtime/syntax)
chdir(/Users/MateoPanadero/.dotfiles/nvim)
regel 97: "/usr/local/Cellar/neovim/HEAD-9fee5f1/share/nvim/runtime/syntax/xml.vim" laden
chdir(/Users/MateoPanadero/.dotfiles/nvim)
chdir(/usr/local/Cellar/neovim/HEAD-9fee5f1/share/nvim/runtime/syntax)
chdir(/Users/MateoPanadero/.dotfiles/nvim)
regel 289: "/usr/local/Cellar/neovim/HEAD-9fee5f1/share/nvim/runtime/syntax/dtd.vim" laden
laden van /usr/local/Cellar/neovim/HEAD-9fee5f1/share/nvim/runtime/syntax/dtd.vim afgerond
voortzetten in /usr/local/Cellar/neovim/HEAD-9fee5f1/share/nvim/runtime/syntax/xml.vim
laden van /usr/local/Cellar/neovim/HEAD-9fee5f1/share/nvim/runtime/syntax/xml.vim afgerond
voortzetten in /usr/local/Cellar/neovim/HEAD-9fee5f1/share/nvim/runtime/syntax/cs.vim
laden van /usr/local/Cellar/neovim/HEAD-9fee5f1/share/nvim/runtime/syntax/cs.vim afgerond
voortzetten in function <SNR>14_SynSet
Syntax 'Autocommands' voor "cs" uitvoeren
autocommand if (exists('b:load_doxygen_syntax') && b:load_doxygen_syntax)^I|| (exists('g:load_doxygen_syntax') && g:load_doxygen_syntax)   | runtime! syntax/doxygen.vim | endif

FileType 'Autocommands' voor "*" uitvoeren
autocommand call s:abbrev()

FileType 'Autocommands' voor "*" uitvoeren
autocommand call <SID>SetupPasta()

FileType 'Autocommands' voor "cs" uitvoeren
autocommand nnoremap <buffer> gd :OmniSharpGotoDefinition<CR>

autocommand nnoremap <buffer> <Leader>fi :OmniSharpFindImplementations<CR>

autocommand nnoremap <buffer> <Leader>fs :OmniSharpFindSymbol<CR>

autocommand nnoremap <buffer> <Leader>fu :OmniSharpFindUsages<CR>

autocommand nnoremap <buffer> <Leader>fm :OmniSharpFindMembers<CR>

autocommand nnoremap <buffer> <Leader>fx :OmniSharpFixUsings<CR>

autocommand nnoremap <buffer> <Leader>tt :OmniSharpTypeLookup<CR>

autocommand nnoremap <buffer> <Leader>dc :OmniSharpDocumentation<CR>

autocommand nnoremap <buffer> <C-\> :OmniSharpSignatureHelp<CR>

autocommand inoremap <buffer> <C-\> <C-o>:OmniSharpSignatureHelp<CR>

autocommand nnoremap <buffer> <C-k> :OmniSharpNavigateUp<CR>

autocommand nnoremap <buffer> <C-j> :OmniSharpNavigateDown<CR>

autocommand nnoremap <buffer> <Leader>cc :OmniSharpGlobalCodeCheck<CR>

BufNewFile 'Autocommands' voor "*" uitvoeren
autocommand call s:UseConfigFiles()

BufWinEnter 'Autocommands' voor "*" uitvoeren
autocommand let g:fzf#vim#buffers[bufnr('')] = reltimefloat(reltime())

BufEnter 'Autocommands' voor "*" uitvoeren
autocommand call lightline#update()

chdir(/Users/MateoPanadero/.dotfiles/nvim)
chdir(/Users/MateoPanadero/.dotfiles/nvim/plugged/lightline.vim/autoload)
chdir(/Users/MateoPanadero/.dotfiles/nvim)
regel 0: "/Users/MateoPanadero/.dotfiles/nvim/plugged/lightline.vim/autoload/lightline.vim" laden
laden van /Users/MateoPanadero/.dotfiles/nvim/plugged/lightline.vim/autoload/lightline.vim afgerond
voortzetten in BufEnter 'Autocommands' voor "*"
not found in 'runtimepath': "autoload/coc.vim"
Fout opgetreden tijdens verwerken van function lightline#update[4]..lightline#init:
regel   34:
E117: onbekende functie: coc#status
chdir(/Users/MateoPanadero/.dotfiles/nvim)
chdir(/Users/MateoPanadero/.config/nvim/autoload/helpers)
chdir(/Users/MateoPanadero/.dotfiles/nvim)
regel 34: "/Users/MateoPanadero/.config/nvim/autoload/helpers/lightline.vim" laden
laden van /Users/MateoPanadero/.config/nvim/autoload/helpers/lightline.vim afgerond
voortzetten in function lightline#update[4]..lightline#init
chdir(/Users/MateoPanadero/.dotfiles/nvim)
chdir(/Users/MateoPanadero/.dotfiles/nvim/plugged/lightline.vim/autoload/lightline)
chdir(/Users/MateoPanadero/.dotfiles/nvim)
regel 37: "/Users/MateoPanadero/.dotfiles/nvim/plugged/lightline.vim/autoload/lightline/tab.vim" laden
laden van /Users/MateoPanadero/.dotfiles/nvim/plugged/lightline.vim/autoload/lightline/tab.vim afgerond
voortzetten in function lightline#update[4]..lightline#init
chdir(/Users/MateoPanadero/.dotfiles/nvim)
chdir(/Users/MateoPanadero/.dotfiles/nvim/plugged/vim-base16-lightline/autoload/lightline/colorscheme)
chdir(/Users/MateoPanadero/.dotfiles/nvim)
regel 2: "/Users/MateoPanadero/.dotfiles/nvim/plugged/vim-base16-lightline/autoload/lightline/colorscheme/base16.vim" laden
chdir(/Users/MateoPanadero/.dotfiles/nvim)
chdir(/Users/MateoPanadero/.dotfiles/nvim/plugged/lightline.vim/autoload/lightline)
chdir(/Users/MateoPanadero/.dotfiles/nvim)
regel 41: "/Users/MateoPanadero/.dotfiles/nvim/plugged/lightline.vim/autoload/lightline/colorscheme.vim" laden
laden van /Users/MateoPanadero/.dotfiles/nvim/plugged/lightline.vim/autoload/lightline/colorscheme.vim afgerond
voortzetten in /Users/MateoPanadero/.dotfiles/nvim/plugged/vim-base16-lightline/autoload/lightline/colorscheme/base16.vim
laden van /Users/MateoPanadero/.dotfiles/nvim/plugged/vim-base16-lightline/autoload/lightline/colorscheme/base16.vim afgerond
voortzetten in function lightline#update[5]..lightline#colorscheme
BufEnter 'Autocommands' voor "*" uitvoeren
autocommand if expand('%') ==# '' && &previewwindow && pumvisible() && getbufvar('#', '&omnifunc') ==# 'rhubarb#omnifunc' |    setlocal nolist linebreak filetype=markdown | endif

BufEnter 'Autocommands' voor "*" uitvoeren
autocommand if !g:rooter_manual_only | Rooter | endif

BufEnter 'Autocommands' voor "*" uitvoeren
autocommand if !<SID>IsLoadedOnBuffer() | call <SID>CreateMaps() | endif

autocommand if mode() == 'i' | call <SID>EmptyBuffer() | endif

BufEnter 'Autocommands' voor "*" uitvoeren
autocommand sil call s:LocalBrowse(expand("<amatch>"))

VimEnter 'Autocommands' voor "*" uitvoeren
autocommand colorscheme gruvbox

chdir(/Users/MateoPanadero/.dotfiles/nvim)
chdir(/Users/MateoPanadero/.dotfiles/nvim/plugged/gruvbox/colors)
chdir(/Users/MateoPanadero/.dotfiles/nvim)
regel 0: "/Users/MateoPanadero/.dotfiles/nvim/plugged/gruvbox/colors/gruvbox.vim" laden
chdir(/Users/MateoPanadero/.dotfiles/nvim)
chdir(/usr/local/Cellar/neovim/HEAD-9fee5f1/share/nvim/runtime/syntax)
chdir(/Users/MateoPanadero/.dotfiles/nvim)
regel 12: "/usr/local/Cellar/neovim/HEAD-9fee5f1/share/nvim/runtime/syntax/syncolor.vim" laden
laden van /usr/local/Cellar/neovim/HEAD-9fee5f1/share/nvim/runtime/syntax/syncolor.vim afgerond
voortzetten in /Users/MateoPanadero/.dotfiles/nvim/plugged/gruvbox/colors/gruvbox.vim
chdir(/Users/MateoPanadero/.dotfiles/nvim)
chdir(/usr/local/Cellar/neovim/HEAD-9fee5f1/share/nvim/runtime/syntax)
chdir(/Users/MateoPanadero/.dotfiles/nvim)
regel 14: "/usr/local/Cellar/neovim/HEAD-9fee5f1/share/nvim/runtime/syntax/syncolor.vim" laden
laden van /usr/local/Cellar/neovim/HEAD-9fee5f1/share/nvim/runtime/syntax/syncolor.vim afgerond
voortzetten in /Users/MateoPanadero/.dotfiles/nvim/plugged/gruvbox/colors/gruvbox.vim
laden van /Users/MateoPanadero/.dotfiles/nvim/plugged/gruvbox/colors/gruvbox.vim afgerond
voortzetten in VimEnter 'Autocommands' voor "*"
VimEnter 'Autocommands' voor "*" uitvoeren
autocommand call s:on_vimenter()

VimEnter 'Autocommands' voor "*" uitvoeren
autocommand if !g:rooter_manual_only | Rooter | endif

VimEnter 'Autocommands' voor "*" uitvoeren
autocommand sil call s:VimEnter(expand("<amatch>"))

chdir(/Users/MateoPanadero/.dotfiles/nvim)
chdir(/usr/local/Cellar/neovim/HEAD-9fee5f1/share/nvim/runtime/autoload/provider)
chdir(/Users/MateoPanadero/.dotfiles/nvim)
"/usr/local/Cellar/neovim/HEAD-9fee5f1/share/nvim/runtime/autoload/provider/clipboard.vim" laden
laden van /usr/local/Cellar/neovim/HEAD-9fee5f1/share/nvim/runtime/autoload/provider/clipboard.vim afgerond
CursorMoved 'Autocommands' voor "*" uitvoeren
autocommand call s:Highlight_Matching_Pair()


--- Terminal info --- {{{
&term: xterm-256color-italic
Description: xterm with 256 colors and italic
Aliases: xterm-256color-italic
Boolean capabilities:
  auto_left_margin          bw         = false
  auto_right_margin         am         = true
  no_esc_ctlc               xsb        = false
  ceol_standout_glitch      xhp        = false
  eat_newline_glitch        xenl       = true
  erase_overstrike          eo         = false
  generic_type              gn         = false
  hard_copy                 hc         = false
  has_meta_key              km         = true
  has_status_line           hs         = false
  insert_null_glitch        in         = false
  memory_above              da         = false
  memory_below              db         = false
  move_insert_mode          mir        = true
  move_standout_mode        msgr       = true
  over_strike               os         = false
  status_line_esc_ok        eslok      = false
  dest_tabs_magic_smso      xt         = false
  tilde_glitch              hz         = false
  transparent_underline     ul         = false
  xon_xoff                  xon        = false
  needs_xon_xoff            nxon       = false
  prtr_silent               mc5i       = true
  hard_cursor               chts       = false
  non_rev_rmcup             nrrmc      = false
  no_pad_char               npc        = true
  non_dest_scroll_region    ndscr      = false
  can_change                ccc        = true
  back_color_erase          bce        = true
  hue_lightness_saturation  hls        = false
  col_addr_glitch           xhpa       = false
  cr_cancels_micro_mode     crxm       = false
  has_print_wheel           daisy      = false
  row_addr_glitch           xvpa       = false
  semi_auto_right_margin    sam        = false
  cpi_changes_res           cpix       = false
  lpi_changes_res           lpix       = false
  backspaces_with_bs        OTbs       = true
  crt_no_scrolling          OTns       = false
  no_correctly_working_cr   OTnc       = false
  gnu_has_meta_key          OTMT       = false
  linefeed_is_newline       OTNL       = false
  has_hardware_tabs         OTpt       = false
  return_does_clr_eol       OTxr       = false
Numeric capabilities:
  columns                   cols       = 80
  init_tabs                 it         = 8
  lines                     lines      = 24
  lines_of_memory           lm         = -1
  magic_cookie_glitch       xmc        = -1
  padding_baud_rate         pb         = -1
  virtual_terminal          vt         = -1
  width_status_line         wsl        = -1
  num_labels                nlab       = -1
  label_height              lh         = -1
  label_width               lw         = -1
  max_attributes            ma         = -1
  maximum_windows           wnum       = -1
  max_colors                colors     = 256
  max_pairs                 pairs      = 32767
  no_color_video            ncv        = -1
  buffer_capacity           bufsz      = -1
  dot_vert_spacing          spinv      = -1
  dot_horz_spacing          spinh      = -1
  max_micro_address         maddr      = -1
  max_micro_jump            mjump      = -1
  micro_col_size            mcs        = -1
  micro_line_size           mls        = -1
  number_of_pins            npins      = -1
  output_res_char           orc        = -1
  output_res_line           orl        = -1
  output_res_horz_inch      orhi       = -1
  output_res_vert_inch      orvi       = -1
  print_rate                cps        = -1
  wide_char_size            widcs      = -1
  buttons                   btns       = -1
  bit_image_entwining       bitwin     = -1
  bit_image_type            bitype     = -1
  magic_cookie_glitch_ul    OTug       = -1
  carriage_return_delay     OTdC       = -1
  new_line_delay            OTdN       = -1
  backspace_delay           OTdB       = -1
  horizontal_tab_delay      OTdT       = -1
  number_of_function_keys   OTkn       = -1
String capabilities:
  back_tab                  cbt        = <Esc>[Z
  bell                      bel        = <C-G>
  carriage_return           cr         = <CR>
  change_scroll_region      csr        = <Esc>[%i%p1%d;%p2%dr
  clear_all_tabs            tbc        = <Esc>[3g
  clear_screen              clear      = <Esc>[H<Esc>[2J
  clr_eol                   el         = <Esc>[K
  clr_eos                   ed         = <Esc>[J
  column_address            hpa        = <Esc>[%i%p1%dG
  cursor_address            cup        = <Esc>[%i%p1%d;%p2%dH
  cursor_down               cud1       = <NL>
  cursor_home               home       = <Esc>[H
  cursor_invisible          civis      = <Esc>[?25l
  cursor_left               cub1       = <C-H>
  cursor_normal             cnorm      = <Esc>[?25h
  cursor_right              cuf1       = <Esc>[C
  cursor_up                 cuu1       = <Esc>[A
  cursor_visible            cvvis      = <Esc>[?12;25h
  delete_character          dch1       = <Esc>[P
  delete_line               dl1        = <Esc>[M
  enter_alt_charset_mode    smacs      = <Esc>(0
  enter_blink_mode          blink      = <Esc>[5m
  enter_bold_mode           bold       = <Esc>[1m
  enter_ca_mode             smcup      = <Esc>[?1049h
  enter_insert_mode         smir       = <Esc>[4h
  enter_secure_mode         invis      = <Esc>[8m
  enter_reverse_mode        rev        = <Esc>[7m
  enter_standout_mode       smso       = <Esc>[7m
  enter_underline_mode      smul       = <Esc>[4m
  erase_chars               ech        = <Esc>[%p1%dX
  exit_alt_charset_mode     rmacs      = <Esc>(B
  exit_attribute_mode       sgr0       = <Esc>(B<Esc>[m
  exit_ca_mode              rmcup      = <Esc>[?1049l
  exit_insert_mode          rmir       = <Esc>[4l
  exit_standout_mode        rmso       = <Esc>[27m
  exit_underline_mode       rmul       = <Esc>[24m
  flash_screen              flash      = <Esc>[?5h$<100/><Esc>[?5l
  from_status_line          fsl        = <C-G>
  init_2string              is2        = <Esc>[!p<Esc>[?3;4l<Esc>[4l<Esc>>
  insert_line               il1        = <Esc>[L
  key_backspace             kbs        = <C-H>
  key_dc                    kdch1      = <Esc>[3~
  key_down                  kcud1      = <Esc>OB
  key_f1                    kf1        = <Esc>OP
  key_f10                   kf10       = <Esc>[21~
  key_f2                    kf2        = <Esc>OQ
  key_f3                    kf3        = <Esc>OR
  key_f4                    kf4        = <Esc>OS
  key_f5                    kf5        = <Esc>[15~
  key_f6                    kf6        = <Esc>[17~
  key_f7                    kf7        = <Esc>[18~
  key_f8                    kf8        = <Esc>[19~
  key_f9                    kf9        = <Esc>[20~
  key_home                  khome      = <Esc>OH
  key_ic                    kich1      = <Esc>[2~
  key_left                  kcub1      = <Esc>OD
  key_npage                 knp        = <Esc>[6~
  key_ppage                 kpp        = <Esc>[5~
  key_right                 kcuf1      = <Esc>OC
  key_sf                    kind       = <Esc>[1;2B
  key_sr                    kri        = <Esc>[1;2A
  key_up                    kcuu1      = <Esc>OA
  keypad_local              rmkx       = <Esc>[?1l<Esc>>
  keypad_xmit               smkx       = <Esc>[?1h<Esc>=
  meta_off                  rmm        = <Esc>[?1034l
  meta_on                   smm        = <Esc>[?1034h
  parm_dch                  dch        = <Esc>[%p1%dP
  parm_delete_line          dl         = <Esc>[%p1%dM
  parm_down_cursor          cud        = <Esc>[%p1%dB
  parm_ich                  ich        = <Esc>[%p1%d@
  parm_index                indn       = <Esc>[%p1%dS
  parm_insert_line          il         = <Esc>[%p1%dL
  parm_left_cursor          cub        = <Esc>[%p1%dD
  parm_right_cursor         cuf        = <Esc>[%p1%dC
  parm_rindex               rin        = <Esc>[%p1%dT
  parm_up_cursor            cuu        = <Esc>[%p1%dA
  print_screen              mc0        = <Esc>[i
  prtr_off                  mc4        = <Esc>[4i
  prtr_on                   mc5        = <Esc>[5i
  reset_1string             rs1        = <Esc>c
  reset_2string             rs2        = <Esc>[!p<Esc>[?3;4l<Esc>[4l<Esc>>
  restore_cursor            rc         = <Esc>8
  row_address               vpa        = <Esc>[%i%p1%dd
  save_cursor               sc         = <Esc>7
  scroll_forward            ind        = <NL>
  scroll_reverse            ri         = <Esc>M
  set_attributes            sgr        = %?%p9%t<Esc>(0%e<Esc>(B%;<Esc>[0%?%p6%t;1%;%?%p2%t;4%;%?%p1%p3%|%t;7%;%?%p4%t;5%;%?%p7%t;8%;m
  set_tab                   hts        = <Esc>H
  tab                       ht         = <Tab>
  to_status_line            tsl        = <Esc>]0;
  key_b2                    kb2        = <Esc>OE
  acs_chars                 acsc       = ``aaffggiijjkkllmmnnooppqqrrssttuuvvwwxxyyzz{{||}}~~
  key_btab                  kcbt       = <Esc>[Z
  enter_am_mode             smam       = <Esc>[?7h
  exit_am_mode              rmam       = <Esc>[?7l
  key_end                   kend       = <Esc>OF
  key_enter                 kent       = <Esc>OM
  key_sdc                   kDC        = <Esc>[3;2~
  key_send                  kEND       = <Esc>[1;2F
  key_shome                 kHOM       = <Esc>[1;2H
  key_sic                   kIC        = <Esc>[2;2~
  key_sleft                 kLFT       = <Esc>[1;2D
  key_snext                 kNXT       = <Esc>[6;2~
  key_sprevious             kPRV       = <Esc>[5;2~
  key_sright                kRIT       = <Esc>[1;2C
  key_f11                   kf11       = <Esc>[23~
  key_f12                   kf12       = <Esc>[24~
  key_f13                   kf13       = <Esc>[1;2P
  key_f14                   kf14       = <Esc>[1;2Q
  key_f15                   kf15       = <Esc>[1;2R
  key_f16                   kf16       = <Esc>[1;2S
  key_f17                   kf17       = <Esc>[15;2~
  key_f18                   kf18       = <Esc>[17;2~
  key_f19                   kf19       = <Esc>[18;2~
  key_f20                   kf20       = <Esc>[19;2~
  key_f21                   kf21       = <Esc>[20;2~
  key_f22                   kf22       = <Esc>[21;2~
  key_f23                   kf23       = <Esc>[23;2~
  key_f24                   kf24       = <Esc>[24;2~
  key_f25                   kf25       = <Esc>[1;5P
  key_f26                   kf26       = <Esc>[1;5Q
  key_f27                   kf27       = <Esc>[1;5R
  key_f28                   kf28       = <Esc>[1;5S
  key_f29                   kf29       = <Esc>[15;5~
  key_f30                   kf30       = <Esc>[17;5~
  key_f31                   kf31       = <Esc>[18;5~
  key_f32                   kf32       = <Esc>[19;5~
  key_f33                   kf33       = <Esc>[20;5~
  key_f34                   kf34       = <Esc>[21;5~
  key_f35                   kf35       = <Esc>[23;5~
  key_f36                   kf36       = <Esc>[24;5~
  key_f37                   kf37       = <Esc>[1;6P
  key_f38                   kf38       = <Esc>[1;6Q
  key_f39                   kf39       = <Esc>[1;6R
  key_f40                   kf40       = <Esc>[1;6S
  key_f41                   kf41       = <Esc>[15;6~
  key_f42                   kf42       = <Esc>[17;6~
  key_f43                   kf43       = <Esc>[18;6~
  key_f44                   kf44       = <Esc>[19;6~
  key_f45                   kf45       = <Esc>[20;6~
  key_f46                   kf46       = <Esc>[21;6~
  key_f47                   kf47       = <Esc>[23;6~
  key_f48                   kf48       = <Esc>[24;6~
  key_f49                   kf49       = <Esc>[1;3P
  key_f50                   kf50       = <Esc>[1;3Q
  key_f51                   kf51       = <Esc>[1;3R
  key_f52                   kf52       = <Esc>[1;3S
  key_f53                   kf53       = <Esc>[15;3~
  key_f54                   kf54       = <Esc>[17;3~
  key_f55                   kf55       = <Esc>[18;3~
  key_f56                   kf56       = <Esc>[19;3~
  key_f57                   kf57       = <Esc>[20;3~
  key_f58                   kf58       = <Esc>[21;3~
  key_f59                   kf59       = <Esc>[23;3~
  key_f60                   kf60       = <Esc>[24;3~
  key_f61                   kf61       = <Esc>[1;4P
  key_f62                   kf62       = <Esc>[1;4Q
  key_f63                   kf63       = <Esc>[1;4R
  clr_bol                   el1        = <Esc>[1K
  user6                     u6         = <Esc>[%i%d;%dR
  user7                     u7         = <Esc>[6n
  user8                     u8         = <Esc>[?1;2c
  user9                     u9         = <Esc>[c
  orig_pair                 op         = <Esc>[39;49m
  initialize_color          initc      = <Esc>]4;%p1%d;rgb:%p2%{255}%*%{1000}%/%2.2X/%p3%{255}%*%{1000}%/%2.2X/%p4%{255}%*%{1000}%/%2.2X<Esc>\
  enter_italics_mode        sitm       = <Esc>[3m
  exit_italics_mode         ritm       = <Esc>[23m
  key_mouse                 kmous      = <Esc>[M
  set_a_foreground          setaf      = <Esc>[%?%p1%{8}%<%t3%p1%d%e%p1%{16}%<%t9%p1%{8}%-%d%e38;5;%p1%d%;m
  set_a_background          setab      = <Esc>[%?%p1%{8}%<%t4%p1%d%e%p1%{16}%<%t10%p1%{8}%-%d%e48;5;%p1%d%;m
  set_tb_margin             smgtb      = <Esc>[%i%p1%d;%p2%dr
  memory_lock               meml       = <Esc>l
  memory_unlock             memu       = <Esc>m
Extended boolean capabilities:
  AX                        = true
  G0                        = false
Extended string capabilities:
  E0                        = 
  S0                        = 
  kDC3                      = <Esc>[3;3~
  kDC4                      = <Esc>[3;4~
  kDC5                      = <Esc>[3;5~
  kDC6                      = <Esc>[3;6~
  kDC7                      = <Esc>[3;7~
  kDN                       = <Esc>[1;2B
  kDN3                      = <Esc>[1;3B
  kDN4                      = <Esc>[1;4B
  kDN5                      = <Esc>[1;5B
  kDN6                      = <Esc>[1;6B
  kDN7                      = <Esc>[1;7B
  kEND3                     = <Esc>[1;3F
  kEND4                     = <Esc>[1;4F
  kEND5                     = <Esc>[1;5F
  kEND6                     = <Esc>[1;6F
  kEND7                     = <Esc>[1;7F
  kHOM3                     = <Esc>[1;3H
  kHOM4                     = <Esc>[1;4H
  kHOM5                     = <Esc>[1;5H
  kHOM6                     = <Esc>[1;6H
  kHOM7                     = <Esc>[1;7H
  kIC3                      = <Esc>[2;3~
  kIC4                      = <Esc>[2;4~
  kIC5                      = <Esc>[2;5~
  kIC6                      = <Esc>[2;6~
  kIC7                      = <Esc>[2;7~
  kLFT3                     = <Esc>[1;3D
  kLFT4                     = <Esc>[1;4D
  kLFT5                     = <Esc>[1;5D
  kLFT6                     = <Esc>[1;6D
  kLFT7                     = <Esc>[1;7D
  kNXT3                     = <Esc>[6;3~
  kNXT4                     = <Esc>[6;4~
  kNXT5                     = <Esc>[6;5~
  kNXT6                     = <Esc>[6;6~
  kNXT7                     = <Esc>[6;7~
  kPRV3                     = <Esc>[5;3~
  kPRV4                     = <Esc>[5;4~
  kPRV5                     = <Esc>[5;5~
  kPRV6                     = <Esc>[5;6~
  kPRV7                     = <Esc>[5;7~
  kRIT3                     = <Esc>[1;3C
  kRIT4                     = <Esc>[1;4C
  kRIT5                     = <Esc>[1;5C
  kRIT6                     = <Esc>[1;6C
  kRIT7                     = <Esc>[1;7C
  kUP                       = <Esc>[1;2A
  kUP3                      = <Esc>[1;3A
  kUP4                      = <Esc>[1;4A
  kUP5                      = <Esc>[1;5A
  kUP6                      = <Esc>[1;6A
  kUP7                      = <Esc>[1;7A
  ka2                       = 
  kb1                       = 
  kb3                       = 
  kc2                       = 
  ext.get_bg                = <Esc>]11;?<C-G>
  Ss                        = <Esc>[%p1%d q
  Se                        = <Esc>[ q
  ext.resize_screen         = <Esc>[8;%p1%d;%p2%dt
  ext.reset_scroll_region   = <Esc>[r
  setrgbf                   = <Esc>[38:2:%p1%d:%p2%d:%p3%dm
  setrgbb                   = <Esc>[48:2:%p1%d:%p2%d:%p3%dm
  [NULL]                    = <Esc>]Pl%p1%06x<Esc>\
  ext.reset_cursor_color    = <Esc>]112<C-G>
  ext.save_title            = <Esc>[22;0;0t
  ext.restore_title         = <Esc>[23;0;0t
  ext.enable_lr_margin      = <Esc>[?69h
  ext.disable_lr_margin     = <Esc>[?69l
  ext.enable_bpaste         = <Esc>[?2004h
  ext.disable_bpaste        = <Esc>[?2004l
  ext.enable_focus          = <Esc>[?1004h
  ext.disable_focus         = <Esc>[?1004l
  ext.enable_mouse          = <Esc>[?1002h<Esc>[?1006h
  ext.disable_mouse         = <Esc>[?1002l<Esc>[?1006l
}}}

CursorHold 'Autocommands' voor "*" uitvoeren
autocommand silent! call s:CursorHoldUpdate()

CursorHold 'Autocommands' voor "*" uitvoeren
autocommand if exists("b:loaded_ragtag") | call s:Leave() | endif

CursorHold 'Autocommands' voor "*.cs" uitvoeren
autocommand OmniSharpTypeLookup

Fout opgetreden tijdens verwerken van CursorHold 'Autocommands' voor "*.cs":
E492: geen editor-opdracht: OmniSharpTypeLookup

QuitPre 'Autocommands' voor "*" uitvoeren
autocommand if empty(&buftype) | lclose | endif

VimLeavePre 'Autocommands' voor "*" uitvoeren
autocommand lua vim.lsp._vim_exit_handler()

VimLeavePre 'Autocommands' voor "*" uitvoeren
autocommand call s:on_vimleavepre()

Writing ShaDa file "/Users/MateoPanadero/.local/share/nvim/shada/main.shada"
chdir(/Users/MateoPanadero/.dotfiles/nvim)
chdir(/Users/MateoPanadero/.dotfiles/zsh)
chdir(/Users/MateoPanadero/.dotfiles/nvim)
chdir(/Users/MateoPanadero/.dotfiles/nvim)
chdir(/Users/MateoPanadero/.dotfiles/.git)
chdir(/Users/MateoPanadero/.dotfiles/nvim)
chdir(/Users/MateoPanadero/.dotfiles/nvim)
chdir(/Users/MateoPanadero)
chdir(/Users/MateoPanadero/.dotfiles/nvim)
chdir(/Users/MateoPanadero/.dotfiles/nvim)
chdir(/Users/MateoPanadero/.dotfiles)
chdir(/Users/MateoPanadero/.dotfiles/nvim)
chdir(/Users/MateoPanadero/.dotfiles/nvim)
chdir(/Users/MateoPanadero/Downloads/omnisharp-roslyn-master/tools)
chdir(/Users/MateoPanadero/.dotfiles/nvim)
chdir(/Users/MateoPanadero/.dotfiles/nvim)
chdir(/Users/MateoPanadero/Downloads/omnisharp-roslyn-master)
chdir(/Users/MateoPanadero/.dotfiles/nvim)
chdir(/Users/MateoPanadero/.dotfiles/nvim)
chdir(/Users/MateoPanadero/Downloads/omnisharp-roslyn-master)
chdir(/Users/MateoPanadero/.dotfiles/nvim)
chdir(/Users/MateoPanadero/.dotfiles/nvim)
chdir(/Users/MateoPanadero/Downloads/omnisharp-roslyn-master/doc)
chdir(/Users/MateoPanadero/.dotfiles/nvim)
chdir(/Users/MateoPanadero/.dotfiles/nvim)
chdir(/Users/MateoPanadero/.dotfiles/nvim)
chdir(/Users/MateoPanadero/.dotfiles/nvim)
chdir(/Users/MateoPanadero/.dotfiles/nvim)
chdir(/Users/MateoPanadero/.dotfiles/nvim/rc)
chdir(/Users/MateoPanadero/.dotfiles/nvim)
chdir(/Users/MateoPanadero/.dotfiles/nvim)
chdir(/Users/MateoPanadero/.dotfiles/nvim/after/plugin)
chdir(/Users/MateoPanadero/.dotfiles/nvim)
chdir(/Users/MateoPanadero/.dotfiles/nvim)
chdir(/Users/MateoPanadero/.dotfiles/nvim/plugin)
chdir(/Users/MateoPanadero/.dotfiles/nvim)
chdir(/Users/MateoPanadero/.dotfiles/nvim)
chdir(/Users/MateoPanadero/.dotfiles/bin)
chdir(/Users/MateoPanadero/.dotfiles/nvim)
chdir(/Users/MateoPanadero/.dotfiles/nvim)
chdir(/Users/MateoPanadero/.dotfiles/nvim/after/plugin)
chdir(/Users/MateoPanadero/.dotfiles/nvim)
chdir(/Users/MateoPanadero/.dotfiles/nvim)
chdir(/Users/MateoPanadero/.dotfiles/nvim/autoload/helpers)
chdir(/Users/MateoPanadero/.dotfiles/nvim)
chdir(/Users/MateoPanadero/.dotfiles/nvim)
chdir(/Users/MateoPanadero/.dotfiles/nvim/after/plugin)
chdir(/Users/MateoPanadero/.dotfiles/nvim)
chdir(/Users/MateoPanadero/.dotfiles/nvim)
chdir(/Users/MateoPanadero/.dotfiles/nvim)
chdir(/Users/MateoPanadero/.dotfiles/nvim)
